[0.306s] Invoking command in '/home/ir-t11/ir_ws/src/build/osr_gazebo': CMAKE_PREFIX_PATH=${CMAKE_PREFIX_PATH}:/home/ir-t11/ir_ws/install/my_py_pkg:/home/ir-t11/ir_ws/install/lidar_app:/opt/ros/humble /usr/bin/cmake /home/ir-t11/ir_ws/src/project/osr_gazebo -DCMAKE_INSTALL_PREFIX=/home/ir-t11/ir_ws/src/install/osr_gazebo
[0.344s] -- The C compiler identification is GNU 11.4.0
[0.379s] -- The CXX compiler identification is GNU 11.4.0
[0.384s] -- Detecting C compiler ABI info
[0.427s] -- Detecting C compiler ABI info - done
[0.433s] -- Check for working C compiler: /usr/bin/cc - skipped
[0.433s] -- Detecting C compile features
[0.434s] -- Detecting C compile features - done
[0.436s] -- Detecting CXX compiler ABI info
[0.487s] -- Detecting CXX compiler ABI info - done
[0.493s] -- Check for working CXX compiler: /usr/bin/c++ - skipped
[0.493s] -- Detecting CXX compile features
[0.493s] -- Detecting CXX compile features - done
[0.495s] -- Found geometry_msgs: 4.9.0 (/opt/ros/humble/share/geometry_msgs/cmake)
[0.600s] -- Found Python3: /usr/bin/python3 (found version "3.10.12") found components: Interpreter 
[0.696s] -- Found rosidl_generator_c: 3.1.6 (/opt/ros/humble/share/rosidl_generator_c/cmake)
[0.702s] -- Found rosidl_adapter: 3.1.6 (/opt/ros/humble/share/rosidl_adapter/cmake)
[0.714s] -- Found rosidl_generator_cpp: 3.1.6 (/opt/ros/humble/share/rosidl_generator_cpp/cmake)
[0.728s] -- Using all available rosidl_typesupport_c: rosidl_typesupport_fastrtps_c;rosidl_typesupport_introspection_c
[0.743s] -- Using all available rosidl_typesupport_cpp: rosidl_typesupport_fastrtps_cpp;rosidl_typesupport_introspection_cpp
[0.774s] -- Found rclcpp: 16.0.12 (/opt/ros/humble/share/rclcpp/cmake)
[0.805s] -- Found rmw_implementation_cmake: 6.1.2 (/opt/ros/humble/share/rmw_implementation_cmake/cmake)
[0.807s] -- Found rmw_fastrtps_cpp: 6.2.7 (/opt/ros/humble/share/rmw_fastrtps_cpp/cmake)
[0.863s] -- Found OpenSSL: /usr/lib/x86_64-linux-gnu/libcrypto.so (found version "3.0.2")  
[0.883s] -- Found FastRTPS: /opt/ros/humble/include  
[0.907s] -- Using RMW implementation 'rmw_fastrtps_cpp' as default
[0.913s] -- Looking for pthread.h
[0.989s] -- Looking for pthread.h - found
[0.989s] -- Performing Test CMAKE_HAVE_LIBC_PTHREAD
[1.045s] -- Performing Test CMAKE_HAVE_LIBC_PTHREAD - Success
[1.046s] -- Found Threads: TRUE  
[1.076s] -- Found rclcpp_action: 16.0.12 (/opt/ros/humble/share/rclcpp_action/cmake)
[1.104s] -- Found sensor_msgs: 4.9.0 (/opt/ros/humble/share/sensor_msgs/cmake)
[1.118s] -- Found nav_msgs: 4.9.0 (/opt/ros/humble/share/nav_msgs/cmake)
[1.131s] -- Found tf2_geometry_msgs: 0.25.13 (/opt/ros/humble/share/tf2_geometry_msgs/cmake)
[1.140s] -- Found eigen3_cmake_module: 0.1.1 (/opt/ros/humble/share/eigen3_cmake_module/cmake)
[1.141s] -- Found Eigen3: TRUE (found version "3.4.0") 
[1.141s] -- Ensuring Eigen3 include directory is part of orocos-kdl CMake target
[1.193s] -- Found trajectory_msgs: 4.9.0 (/opt/ros/humble/share/trajectory_msgs/cmake)
[1.208s] -- Found ament_lint_auto: 0.12.12 (/opt/ros/humble/share/ament_lint_auto/cmake)
[1.261s] -- Added test 'cppcheck' to perform static code analysis on C / C++ code
[1.261s] -- Configured cppcheck include dirs: 
[1.261s] -- Configured cppcheck exclude dirs and/or files: 
[1.261s] -- Added test 'flake8' to check Python code syntax and style conventions
[1.262s] -- Added test 'lint_cmake' to check CMake code style
[1.262s] -- Added test 'pep257' to check Python code against some of the docstring style conventions in PEP 257
[1.264s] -- Added test 'uncrustify' to check C / C++ code style
[1.264s] -- Configured uncrustify additional arguments: 
[1.264s] -- Added test 'xmllint' to check XML markup files
[1.265s] -- Configuring done
[1.272s] -- Generating done
[1.275s] -- Build files have been written to: /home/ir-t11/ir_ws/src/build/osr_gazebo
[1.282s] Invoked command in '/home/ir-t11/ir_ws/src/build/osr_gazebo' returned '0': CMAKE_PREFIX_PATH=${CMAKE_PREFIX_PATH}:/home/ir-t11/ir_ws/install/my_py_pkg:/home/ir-t11/ir_ws/install/lidar_app:/opt/ros/humble /usr/bin/cmake /home/ir-t11/ir_ws/src/project/osr_gazebo -DCMAKE_INSTALL_PREFIX=/home/ir-t11/ir_ws/src/install/osr_gazebo
[1.283s] Invoking command in '/home/ir-t11/ir_ws/src/build/osr_gazebo': CMAKE_PREFIX_PATH=${CMAKE_PREFIX_PATH}:/home/ir-t11/ir_ws/install/my_py_pkg:/home/ir-t11/ir_ws/install/lidar_app:/opt/ros/humble /usr/bin/cmake --build /home/ir-t11/ir_ws/src/build/osr_gazebo -- -j12 -l12
[1.313s] [ 50%] [32mBuilding CXX object CMakeFiles/osr_controller.dir/src/osr_controller.cpp.o[0m
[1.553s] In file included from [01m[K/home/ir-t11/ir_ws/src/project/osr_gazebo/src/osr_controller.cpp:13[m[K:
[1.553s] [01m[K/opt/ros/humble/include/tf2_geometry_msgs/tf2_geometry_msgs/tf2_geometry_msgs.h:35:2:[m[K [01;35m[Kwarning: [m[K#warning This header is obsolete, please include tf2_geometry_msgs/tf2_geometry_msgs.hpp instead [[01;35m[K]8;;https://gcc.gnu.org/onlinedocs/gcc/Warning-Options.html#index-Wcpp-Wcpp]8;;[m[K]
[1.553s]    35 | #[01;35m[Kwarning[m[K This header is obsolete, please include tf2_geometry_msgs/tf2_geometry_msgs.hpp instead
[1.553s]       |  [01;35m[K^~~~~~~[m[K
[10.684s] [100%] [32m[1mLinking CXX executable osr_controller[0m
[11.189s] [100%] Built target osr_controller
[11.195s] Invoked command in '/home/ir-t11/ir_ws/src/build/osr_gazebo' returned '0': CMAKE_PREFIX_PATH=${CMAKE_PREFIX_PATH}:/home/ir-t11/ir_ws/install/my_py_pkg:/home/ir-t11/ir_ws/install/lidar_app:/opt/ros/humble /usr/bin/cmake --build /home/ir-t11/ir_ws/src/build/osr_gazebo -- -j12 -l12
[11.196s] Invoking command in '/home/ir-t11/ir_ws/src/build/osr_gazebo': CMAKE_PREFIX_PATH=${CMAKE_PREFIX_PATH}:/home/ir-t11/ir_ws/install/my_py_pkg:/home/ir-t11/ir_ws/install/lidar_app:/opt/ros/humble /usr/bin/cmake --install /home/ir-t11/ir_ws/src/build/osr_gazebo
[11.200s] -- Install configuration: ""
[11.200s] -- Installing: /home/ir-t11/ir_ws/src/install/osr_gazebo/share/osr_gazebo//launch
[11.200s] -- Installing: /home/ir-t11/ir_ws/src/install/osr_gazebo/share/osr_gazebo//launch/rviz.launch.py
[11.200s] -- Installing: /home/ir-t11/ir_ws/src/install/osr_gazebo/share/osr_gazebo//launch/empty_world_simplified.launch.py
[11.201s] -- Installing: /home/ir-t11/ir_ws/src/install/osr_gazebo/share/osr_gazebo//launch/rviz_simplified.launch.py
[11.201s] -- Installing: /home/ir-t11/ir_ws/src/install/osr_gazebo/share/osr_gazebo//launch/empty_world.launch.py
[11.201s] -- Installing: /home/ir-t11/ir_ws/src/install/osr_gazebo/share/osr_gazebo//config
[11.201s] -- Installing: /home/ir-t11/ir_ws/src/install/osr_gazebo/share/osr_gazebo//config/controller_velocity.yaml
[11.201s] -- Installing: /home/ir-t11/ir_ws/src/install/osr_gazebo/share/osr_gazebo//urdf
[11.201s] -- Installing: /home/ir-t11/ir_ws/src/install/osr_gazebo/share/osr_gazebo//urdf/osr.urdf.xacro
[11.201s] -- Installing: /home/ir-t11/ir_ws/src/install/osr_gazebo/share/osr_gazebo//urdf/insert_transmission.urdf.xacro
[11.201s] -- Installing: /home/ir-t11/ir_ws/src/install/osr_gazebo/share/osr_gazebo//urdf/gazebo.urdf.xacro
[11.201s] -- Installing: /home/ir-t11/ir_ws/src/install/osr_gazebo/share/osr_gazebo//urdf/osr_simplified.urdf.xacro
[11.201s] -- Installing: /home/ir-t11/ir_ws/src/install/osr_gazebo/share/osr_gazebo//meshes
[11.201s] -- Installing: /home/ir-t11/ir_ws/src/install/osr_gazebo/share/osr_gazebo//meshes/turn_left_test.stl
[11.203s] -- Installing: /home/ir-t11/ir_ws/src/install/osr_gazebo/share/osr_gazebo//meshes/arm.stl
[11.206s] -- Installing: /home/ir-t11/ir_ws/src/install/osr_gazebo/share/osr_gazebo//meshes/rockerbogie_front_1.stl
[11.215s] -- Installing: /home/ir-t11/ir_ws/src/install/osr_gazebo/share/osr_gazebo//meshes/wheel_middle_left.stl
[11.219s] -- Installing: /home/ir-t11/ir_ws/src/install/osr_gazebo/share/osr_gazebo//meshes/rocker_bogie_link_rear.stl
[11.223s] -- Installing: /home/ir-t11/ir_ws/src/install/osr_gazebo/share/osr_gazebo//meshes/wheel.stl
[11.228s] -- Installing: /home/ir-t11/ir_ws/src/install/osr_gazebo/share/osr_gazebo//meshes/rockerbogie_middle_1.stl
[11.237s] -- Installing: /home/ir-t11/ir_ws/src/install/osr_gazebo/share/osr_gazebo//meshes/wheel_link_left_2.stl
[11.242s] -- Installing: /home/ir-t11/ir_ws/src/install/osr_gazebo/share/osr_gazebo//meshes/turn_R.stl
[11.243s] -- Installing: /home/ir-t11/ir_ws/src/install/osr_gazebo/share/osr_gazebo//meshes/body.stl
[11.266s] -- Installing: /home/ir-t11/ir_ws/src/install/osr_gazebo/share/osr_gazebo//meshes/rocker_bogie_link_front.stl
[11.272s] -- Installing: /home/ir-t11/ir_ws/src/install/osr_gazebo/share/osr_gazebo//meshes/rocker_bogie_link_middle.stl
[11.273s] -- Installing: /home/ir-t11/ir_ws/src/install/osr_gazebo/share/osr_gazebo//meshes/turn_L.stl
[11.275s] -- Installing: /home/ir-t11/ir_ws/src/install/osr_gazebo/share/osr_gazebo//meshes/box_link.stl
[11.276s] -- Installing: /home/ir-t11/ir_ws/src/install/osr_gazebo/share/osr_gazebo//meshes/wheel_link_right_2.stl
[11.280s] -- Installing: /home/ir-t11/ir_ws/src/install/osr_gazebo/share/osr_gazebo//meshes/body_axis.stl
[11.281s] -- Installing: /home/ir-t11/ir_ws/src/install/osr_gazebo/share/osr_gazebo//meshes/turn_right_test.stl
[11.282s] -- Installing: /home/ir-t11/ir_ws/src/install/osr_gazebo/share/osr_gazebo//meshes/rocker_bogie_final.stl
[11.288s] -- Installing: /home/ir-t11/ir_ws/src/install/osr_gazebo/share/osr_gazebo//simplified_meshes
[11.288s] -- Installing: /home/ir-t11/ir_ws/src/install/osr_gazebo/share/osr_gazebo//simplified_meshes/turn_left_test.stl
[11.289s] -- Installing: /home/ir-t11/ir_ws/src/install/osr_gazebo/share/osr_gazebo//simplified_meshes/arm.stl
[11.290s] -- Installing: /home/ir-t11/ir_ws/src/install/osr_gazebo/share/osr_gazebo//simplified_meshes/rockerbogie_front_1.stl
[11.298s] -- Installing: /home/ir-t11/ir_ws/src/install/osr_gazebo/share/osr_gazebo//simplified_meshes/wheel_middle_left.stl
[11.300s] -- Installing: /home/ir-t11/ir_ws/src/install/osr_gazebo/share/osr_gazebo//simplified_meshes/rocker_bogie_link_rear.stl
[11.302s] -- Installing: /home/ir-t11/ir_ws/src/install/osr_gazebo/share/osr_gazebo//simplified_meshes/wheel.stl
[11.305s] -- Installing: /home/ir-t11/ir_ws/src/install/osr_gazebo/share/osr_gazebo//simplified_meshes/rockerbogie_middle_1.stl
[11.310s] -- Installing: /home/ir-t11/ir_ws/src/install/osr_gazebo/share/osr_gazebo//simplified_meshes/wheel_link_left_2.stl
[11.312s] -- Installing: /home/ir-t11/ir_ws/src/install/osr_gazebo/share/osr_gazebo//simplified_meshes/turn_R.stl
[11.313s] -- Installing: /home/ir-t11/ir_ws/src/install/osr_gazebo/share/osr_gazebo//simplified_meshes/body.stl
[11.324s] -- Installing: /home/ir-t11/ir_ws/src/install/osr_gazebo/share/osr_gazebo//simplified_meshes/rocker_bogie_link_front.stl
[11.327s] -- Installing: /home/ir-t11/ir_ws/src/install/osr_gazebo/share/osr_gazebo//simplified_meshes/rocker_bogie_link_middle.stl
[11.327s] -- Installing: /home/ir-t11/ir_ws/src/install/osr_gazebo/share/osr_gazebo//simplified_meshes/turn_L.stl
[11.328s] -- Installing: /home/ir-t11/ir_ws/src/install/osr_gazebo/share/osr_gazebo//simplified_meshes/box_link.stl
[11.330s] -- Installing: /home/ir-t11/ir_ws/src/install/osr_gazebo/share/osr_gazebo//simplified_meshes/wheel_link_right_2.stl
[11.332s] -- Installing: /home/ir-t11/ir_ws/src/install/osr_gazebo/share/osr_gazebo//simplified_meshes/body_axis.stl
[11.334s] -- Installing: /home/ir-t11/ir_ws/src/install/osr_gazebo/share/osr_gazebo//simplified_meshes/turn_right_test.stl
[11.338s] -- Installing: /home/ir-t11/ir_ws/src/install/osr_gazebo/share/osr_gazebo//simplified_meshes/rocker_bogie_final.stl
[11.342s] -- Installing: /home/ir-t11/ir_ws/src/install/osr_gazebo/share/osr_gazebo//rviz
[11.342s] -- Installing: /home/ir-t11/ir_ws/src/install/osr_gazebo/share/osr_gazebo//rviz/rviz_settings.rviz
[11.342s] -- Installing: /home/ir-t11/ir_ws/src/install/osr_gazebo/lib/osr_gazebo/osr_controller
[11.348s] -- Set runtime path of "/home/ir-t11/ir_ws/src/install/osr_gazebo/lib/osr_gazebo/osr_controller" to ""
[11.348s] -- Installing: /home/ir-t11/ir_ws/src/install/osr_gazebo/share/ament_index/resource_index/package_run_dependencies/osr_gazebo
[11.348s] -- Installing: /home/ir-t11/ir_ws/src/install/osr_gazebo/share/ament_index/resource_index/parent_prefix_path/osr_gazebo
[11.348s] -- Installing: /home/ir-t11/ir_ws/src/install/osr_gazebo/share/osr_gazebo/environment/ament_prefix_path.sh
[11.349s] -- Installing: /home/ir-t11/ir_ws/src/install/osr_gazebo/share/osr_gazebo/environment/ament_prefix_path.dsv
[11.349s] -- Installing: /home/ir-t11/ir_ws/src/install/osr_gazebo/share/osr_gazebo/environment/path.sh
[11.349s] -- Installing: /home/ir-t11/ir_ws/src/install/osr_gazebo/share/osr_gazebo/environment/path.dsv
[11.349s] -- Installing: /home/ir-t11/ir_ws/src/install/osr_gazebo/share/osr_gazebo/local_setup.bash
[11.349s] -- Installing: /home/ir-t11/ir_ws/src/install/osr_gazebo/share/osr_gazebo/local_setup.sh
[11.349s] -- Installing: /home/ir-t11/ir_ws/src/install/osr_gazebo/share/osr_gazebo/local_setup.zsh
[11.349s] -- Installing: /home/ir-t11/ir_ws/src/install/osr_gazebo/share/osr_gazebo/local_setup.dsv
[11.349s] -- Installing: /home/ir-t11/ir_ws/src/install/osr_gazebo/share/osr_gazebo/package.dsv
[11.349s] -- Installing: /home/ir-t11/ir_ws/src/install/osr_gazebo/share/ament_index/resource_index/packages/osr_gazebo
[11.349s] -- Installing: /home/ir-t11/ir_ws/src/install/osr_gazebo/share/osr_gazebo/cmake/osr_gazeboConfig.cmake
[11.349s] -- Installing: /home/ir-t11/ir_ws/src/install/osr_gazebo/share/osr_gazebo/cmake/osr_gazeboConfig-version.cmake
[11.349s] -- Installing: /home/ir-t11/ir_ws/src/install/osr_gazebo/share/osr_gazebo/package.xml
[11.351s] Invoked command in '/home/ir-t11/ir_ws/src/build/osr_gazebo' returned '0': CMAKE_PREFIX_PATH=${CMAKE_PREFIX_PATH}:/home/ir-t11/ir_ws/install/my_py_pkg:/home/ir-t11/ir_ws/install/lidar_app:/opt/ros/humble /usr/bin/cmake --install /home/ir-t11/ir_ws/src/build/osr_gazebo
