[0.060s] DEBUG:colcon:Command line arguments: ['/usr/bin/colcon', 'build']
[0.060s] DEBUG:colcon:Parsed command line arguments: Namespace(log_base=None, log_level=None, verb_name='build', build_base='build', install_base='install', merge_install=False, symlink_install=False, test_result_base=None, continue_on_error=False, executor='parallel', parallel_workers=12, event_handlers=None, ignore_user_meta=False, metas=['./colcon.meta'], base_paths=['.'], packages_ignore=None, packages_ignore_regex=None, paths=None, packages_up_to=None, packages_up_to_regex=None, packages_above=None, packages_above_and_dependencies=None, packages_above_depth=None, packages_select_by_dep=None, packages_skip_by_dep=None, packages_skip_up_to=None, packages_select_build_failed=False, packages_skip_build_finished=False, packages_select_test_failures=False, packages_skip_test_passed=False, packages_select=None, packages_skip=None, packages_select_regex=None, packages_skip_regex=None, packages_start=None, packages_end=None, allow_overriding=[], cmake_args=None, cmake_target=None, cmake_target_skip_unavailable=False, cmake_clean_cache=False, cmake_clean_first=False, cmake_force_configure=False, ament_cmake_args=None, catkin_cmake_args=None, catkin_skip_building_tests=False, verb_parser=<colcon_defaults.argument_parser.defaults.DefaultArgumentsDecorator object at 0x7da370a23e80>, verb_extension=<colcon_core.verb.build.BuildVerb object at 0x7da370a22e60>, main=<bound method BuildVerb.main of <colcon_core.verb.build.BuildVerb object at 0x7da370a22e60>>)
[0.146s] Level 1:colcon.colcon_core.package_discovery:discover_packages(colcon_meta) check parameters
[0.146s] Level 1:colcon.colcon_core.package_discovery:discover_packages(recursive) check parameters
[0.146s] Level 1:colcon.colcon_core.package_discovery:discover_packages(ignore) check parameters
[0.146s] Level 1:colcon.colcon_core.package_discovery:discover_packages(path) check parameters
[0.146s] Level 1:colcon.colcon_core.package_discovery:discover_packages(colcon_meta) discover
[0.146s] Level 1:colcon.colcon_core.package_discovery:discover_packages(recursive) discover
[0.146s] INFO:colcon.colcon_core.package_discovery:Crawling recursively for packages in '/home/ir-t11/ir_ws/src'
[0.146s] Level 1:colcon.colcon_core.package_identification:_identify(.) by extensions ['ignore', 'ignore_ament_install']
[0.146s] Level 1:colcon.colcon_core.package_identification:_identify(.) by extension 'ignore'
[0.146s] Level 1:colcon.colcon_core.package_identification:_identify(.) by extension 'ignore_ament_install'
[0.146s] Level 1:colcon.colcon_core.package_identification:_identify(.) by extensions ['colcon_pkg']
[0.146s] Level 1:colcon.colcon_core.package_identification:_identify(.) by extension 'colcon_pkg'
[0.146s] Level 1:colcon.colcon_core.package_identification:_identify(.) by extensions ['colcon_meta']
[0.146s] Level 1:colcon.colcon_core.package_identification:_identify(.) by extension 'colcon_meta'
[0.146s] Level 1:colcon.colcon_core.package_identification:_identify(.) by extensions ['ros']
[0.146s] Level 1:colcon.colcon_core.package_identification:_identify(.) by extension 'ros'
[0.153s] Level 1:colcon.colcon_core.package_identification:_identify(.) by extensions ['cmake', 'python']
[0.153s] Level 1:colcon.colcon_core.package_identification:_identify(.) by extension 'cmake'
[0.153s] Level 1:colcon.colcon_core.package_identification:_identify(.) by extension 'python'
[0.153s] Level 1:colcon.colcon_core.package_identification:_identify(.) by extensions ['python_setup_py']
[0.153s] Level 1:colcon.colcon_core.package_identification:_identify(.) by extension 'python_setup_py'
[0.153s] Level 1:colcon.colcon_core.package_identification:_identify(build) by extensions ['ignore', 'ignore_ament_install']
[0.153s] Level 1:colcon.colcon_core.package_identification:_identify(build) by extension 'ignore'
[0.153s] Level 1:colcon.colcon_core.package_identification:_identify(build) ignored
[0.153s] Level 1:colcon.colcon_core.package_identification:_identify(install) by extensions ['ignore', 'ignore_ament_install']
[0.153s] Level 1:colcon.colcon_core.package_identification:_identify(install) by extension 'ignore'
[0.154s] Level 1:colcon.colcon_core.package_identification:_identify(install) ignored
[0.154s] Level 1:colcon.colcon_core.package_identification:_identify(log) by extensions ['ignore', 'ignore_ament_install']
[0.154s] Level 1:colcon.colcon_core.package_identification:_identify(log) by extension 'ignore'
[0.154s] Level 1:colcon.colcon_core.package_identification:_identify(log) ignored
[0.154s] Level 1:colcon.colcon_core.package_identification:_identify(project) by extensions ['ignore', 'ignore_ament_install']
[0.154s] Level 1:colcon.colcon_core.package_identification:_identify(project) by extension 'ignore'
[0.154s] Level 1:colcon.colcon_core.package_identification:_identify(project) by extension 'ignore_ament_install'
[0.154s] Level 1:colcon.colcon_core.package_identification:_identify(project) by extensions ['colcon_pkg']
[0.154s] Level 1:colcon.colcon_core.package_identification:_identify(project) by extension 'colcon_pkg'
[0.154s] Level 1:colcon.colcon_core.package_identification:_identify(project) by extensions ['colcon_meta']
[0.154s] Level 1:colcon.colcon_core.package_identification:_identify(project) by extension 'colcon_meta'
[0.154s] Level 1:colcon.colcon_core.package_identification:_identify(project) by extensions ['ros']
[0.154s] Level 1:colcon.colcon_core.package_identification:_identify(project) by extension 'ros'
[0.154s] Level 1:colcon.colcon_core.package_identification:_identify(project) by extensions ['cmake', 'python']
[0.154s] Level 1:colcon.colcon_core.package_identification:_identify(project) by extension 'cmake'
[0.154s] Level 1:colcon.colcon_core.package_identification:_identify(project) by extension 'python'
[0.154s] Level 1:colcon.colcon_core.package_identification:_identify(project) by extensions ['python_setup_py']
[0.154s] Level 1:colcon.colcon_core.package_identification:_identify(project) by extension 'python_setup_py'
[0.154s] Level 1:colcon.colcon_core.package_identification:_identify(project/osr_gazebo) by extensions ['ignore', 'ignore_ament_install']
[0.154s] Level 1:colcon.colcon_core.package_identification:_identify(project/osr_gazebo) by extension 'ignore'
[0.154s] Level 1:colcon.colcon_core.package_identification:_identify(project/osr_gazebo) by extension 'ignore_ament_install'
[0.154s] Level 1:colcon.colcon_core.package_identification:_identify(project/osr_gazebo) by extensions ['colcon_pkg']
[0.154s] Level 1:colcon.colcon_core.package_identification:_identify(project/osr_gazebo) by extension 'colcon_pkg'
[0.154s] Level 1:colcon.colcon_core.package_identification:_identify(project/osr_gazebo) by extensions ['colcon_meta']
[0.154s] Level 1:colcon.colcon_core.package_identification:_identify(project/osr_gazebo) by extension 'colcon_meta'
[0.154s] Level 1:colcon.colcon_core.package_identification:_identify(project/osr_gazebo) by extensions ['ros']
[0.154s] Level 1:colcon.colcon_core.package_identification:_identify(project/osr_gazebo) by extension 'ros'
[0.156s] DEBUG:colcon.colcon_core.package_identification:Package 'project/osr_gazebo' with type 'ros.ament_cmake' and name 'osr_gazebo'
[0.156s] Level 1:colcon.colcon_core.package_identification:_identify(session1) by extensions ['ignore', 'ignore_ament_install']
[0.156s] Level 1:colcon.colcon_core.package_identification:_identify(session1) by extension 'ignore'
[0.156s] Level 1:colcon.colcon_core.package_identification:_identify(session1) by extension 'ignore_ament_install'
[0.156s] Level 1:colcon.colcon_core.package_identification:_identify(session1) by extensions ['colcon_pkg']
[0.156s] Level 1:colcon.colcon_core.package_identification:_identify(session1) by extension 'colcon_pkg'
[0.156s] Level 1:colcon.colcon_core.package_identification:_identify(session1) by extensions ['colcon_meta']
[0.156s] Level 1:colcon.colcon_core.package_identification:_identify(session1) by extension 'colcon_meta'
[0.156s] Level 1:colcon.colcon_core.package_identification:_identify(session1) by extensions ['ros']
[0.156s] Level 1:colcon.colcon_core.package_identification:_identify(session1) by extension 'ros'
[0.156s] Level 1:colcon.colcon_core.package_identification:_identify(session1) by extensions ['cmake', 'python']
[0.156s] Level 1:colcon.colcon_core.package_identification:_identify(session1) by extension 'cmake'
[0.156s] Level 1:colcon.colcon_core.package_identification:_identify(session1) by extension 'python'
[0.156s] Level 1:colcon.colcon_core.package_identification:_identify(session1) by extensions ['python_setup_py']
[0.156s] Level 1:colcon.colcon_core.package_identification:_identify(session1) by extension 'python_setup_py'
[0.156s] Level 1:colcon.colcon_core.package_identification:_identify(session2) by extensions ['ignore', 'ignore_ament_install']
[0.156s] Level 1:colcon.colcon_core.package_identification:_identify(session2) by extension 'ignore'
[0.156s] Level 1:colcon.colcon_core.package_identification:_identify(session2) by extension 'ignore_ament_install'
[0.156s] Level 1:colcon.colcon_core.package_identification:_identify(session2) by extensions ['colcon_pkg']
[0.156s] Level 1:colcon.colcon_core.package_identification:_identify(session2) by extension 'colcon_pkg'
[0.156s] Level 1:colcon.colcon_core.package_identification:_identify(session2) by extensions ['colcon_meta']
[0.156s] Level 1:colcon.colcon_core.package_identification:_identify(session2) by extension 'colcon_meta'
[0.156s] Level 1:colcon.colcon_core.package_identification:_identify(session2) by extensions ['ros']
[0.156s] Level 1:colcon.colcon_core.package_identification:_identify(session2) by extension 'ros'
[0.157s] Level 1:colcon.colcon_core.package_identification:_identify(session2) by extensions ['cmake', 'python']
[0.157s] Level 1:colcon.colcon_core.package_identification:_identify(session2) by extension 'cmake'
[0.157s] Level 1:colcon.colcon_core.package_identification:_identify(session2) by extension 'python'
[0.157s] Level 1:colcon.colcon_core.package_identification:_identify(session2) by extensions ['python_setup_py']
[0.157s] Level 1:colcon.colcon_core.package_identification:_identify(session2) by extension 'python_setup_py'
[0.157s] Level 1:colcon.colcon_core.package_identification:_identify(session3) by extensions ['ignore', 'ignore_ament_install']
[0.157s] Level 1:colcon.colcon_core.package_identification:_identify(session3) by extension 'ignore'
[0.157s] Level 1:colcon.colcon_core.package_identification:_identify(session3) by extension 'ignore_ament_install'
[0.157s] Level 1:colcon.colcon_core.package_identification:_identify(session3) by extensions ['colcon_pkg']
[0.157s] Level 1:colcon.colcon_core.package_identification:_identify(session3) by extension 'colcon_pkg'
[0.157s] Level 1:colcon.colcon_core.package_identification:_identify(session3) by extensions ['colcon_meta']
[0.157s] Level 1:colcon.colcon_core.package_identification:_identify(session3) by extension 'colcon_meta'
[0.157s] Level 1:colcon.colcon_core.package_identification:_identify(session3) by extensions ['ros']
[0.157s] Level 1:colcon.colcon_core.package_identification:_identify(session3) by extension 'ros'
[0.157s] Level 1:colcon.colcon_core.package_identification:_identify(session3) by extensions ['cmake', 'python']
[0.157s] Level 1:colcon.colcon_core.package_identification:_identify(session3) by extension 'cmake'
[0.157s] Level 1:colcon.colcon_core.package_identification:_identify(session3) by extension 'python'
[0.157s] Level 1:colcon.colcon_core.package_identification:_identify(session3) by extensions ['python_setup_py']
[0.157s] Level 1:colcon.colcon_core.package_identification:_identify(session3) by extension 'python_setup_py'
[0.157s] Level 1:colcon.colcon_core.package_identification:_identify(session3/diff_robot_bringup) by extensions ['ignore', 'ignore_ament_install']
[0.157s] Level 1:colcon.colcon_core.package_identification:_identify(session3/diff_robot_bringup) by extension 'ignore'
[0.157s] Level 1:colcon.colcon_core.package_identification:_identify(session3/diff_robot_bringup) by extension 'ignore_ament_install'
[0.157s] Level 1:colcon.colcon_core.package_identification:_identify(session3/diff_robot_bringup) by extensions ['colcon_pkg']
[0.157s] Level 1:colcon.colcon_core.package_identification:_identify(session3/diff_robot_bringup) by extension 'colcon_pkg'
[0.157s] Level 1:colcon.colcon_core.package_identification:_identify(session3/diff_robot_bringup) by extensions ['colcon_meta']
[0.157s] Level 1:colcon.colcon_core.package_identification:_identify(session3/diff_robot_bringup) by extension 'colcon_meta'
[0.157s] Level 1:colcon.colcon_core.package_identification:_identify(session3/diff_robot_bringup) by extensions ['ros']
[0.157s] Level 1:colcon.colcon_core.package_identification:_identify(session3/diff_robot_bringup) by extension 'ros'
[0.157s] DEBUG:colcon.colcon_core.package_identification:Package 'session3/diff_robot_bringup' with type 'ros.ament_cmake' and name 'diff_robot_bringup'
[0.157s] Level 1:colcon.colcon_core.package_identification:_identify(session3/diff_robot_description) by extensions ['ignore', 'ignore_ament_install']
[0.158s] Level 1:colcon.colcon_core.package_identification:_identify(session3/diff_robot_description) by extension 'ignore'
[0.158s] Level 1:colcon.colcon_core.package_identification:_identify(session3/diff_robot_description) by extension 'ignore_ament_install'
[0.158s] Level 1:colcon.colcon_core.package_identification:_identify(session3/diff_robot_description) by extensions ['colcon_pkg']
[0.158s] Level 1:colcon.colcon_core.package_identification:_identify(session3/diff_robot_description) by extension 'colcon_pkg'
[0.158s] Level 1:colcon.colcon_core.package_identification:_identify(session3/diff_robot_description) by extensions ['colcon_meta']
[0.158s] Level 1:colcon.colcon_core.package_identification:_identify(session3/diff_robot_description) by extension 'colcon_meta'
[0.158s] Level 1:colcon.colcon_core.package_identification:_identify(session3/diff_robot_description) by extensions ['ros']
[0.158s] Level 1:colcon.colcon_core.package_identification:_identify(session3/diff_robot_description) by extension 'ros'
[0.158s] DEBUG:colcon.colcon_core.package_identification:Package 'session3/diff_robot_description' with type 'ros.ament_cmake' and name 'diff_robot_description'
[0.158s] Level 1:colcon.colcon_core.package_identification:_identify(session4) by extensions ['ignore', 'ignore_ament_install']
[0.158s] Level 1:colcon.colcon_core.package_identification:_identify(session4) by extension 'ignore'
[0.158s] Level 1:colcon.colcon_core.package_identification:_identify(session4) by extension 'ignore_ament_install'
[0.158s] Level 1:colcon.colcon_core.package_identification:_identify(session4) by extensions ['colcon_pkg']
[0.158s] Level 1:colcon.colcon_core.package_identification:_identify(session4) by extension 'colcon_pkg'
[0.158s] Level 1:colcon.colcon_core.package_identification:_identify(session4) by extensions ['colcon_meta']
[0.158s] Level 1:colcon.colcon_core.package_identification:_identify(session4) by extension 'colcon_meta'
[0.158s] Level 1:colcon.colcon_core.package_identification:_identify(session4) by extensions ['ros']
[0.158s] Level 1:colcon.colcon_core.package_identification:_identify(session4) by extension 'ros'
[0.158s] Level 1:colcon.colcon_core.package_identification:_identify(session4) by extensions ['cmake', 'python']
[0.158s] Level 1:colcon.colcon_core.package_identification:_identify(session4) by extension 'cmake'
[0.158s] Level 1:colcon.colcon_core.package_identification:_identify(session4) by extension 'python'
[0.158s] Level 1:colcon.colcon_core.package_identification:_identify(session4) by extensions ['python_setup_py']
[0.158s] Level 1:colcon.colcon_core.package_identification:_identify(session4) by extension 'python_setup_py'
[0.158s] Level 1:colcon.colcon_core.package_identification:_identify(session4/lidar_app) by extensions ['ignore', 'ignore_ament_install']
[0.158s] Level 1:colcon.colcon_core.package_identification:_identify(session4/lidar_app) by extension 'ignore'
[0.158s] Level 1:colcon.colcon_core.package_identification:_identify(session4/lidar_app) by extension 'ignore_ament_install'
[0.158s] Level 1:colcon.colcon_core.package_identification:_identify(session4/lidar_app) by extensions ['colcon_pkg']
[0.158s] Level 1:colcon.colcon_core.package_identification:_identify(session4/lidar_app) by extension 'colcon_pkg'
[0.158s] Level 1:colcon.colcon_core.package_identification:_identify(session4/lidar_app) by extensions ['colcon_meta']
[0.158s] Level 1:colcon.colcon_core.package_identification:_identify(session4/lidar_app) by extension 'colcon_meta'
[0.158s] Level 1:colcon.colcon_core.package_identification:_identify(session4/lidar_app) by extensions ['ros']
[0.159s] Level 1:colcon.colcon_core.package_identification:_identify(session4/lidar_app) by extension 'ros'
[0.159s] DEBUG:colcon.colcon_core.package_identification:Package 'session4/lidar_app' with type 'ros.ament_python' and name 'lidar_app'
[0.159s] Level 1:colcon.colcon_core.package_identification:_identify(session4/my_py_pkg) by extensions ['ignore', 'ignore_ament_install']
[0.159s] Level 1:colcon.colcon_core.package_identification:_identify(session4/my_py_pkg) by extension 'ignore'
[0.159s] Level 1:colcon.colcon_core.package_identification:_identify(session4/my_py_pkg) by extension 'ignore_ament_install'
[0.159s] Level 1:colcon.colcon_core.package_identification:_identify(session4/my_py_pkg) by extensions ['colcon_pkg']
[0.159s] Level 1:colcon.colcon_core.package_identification:_identify(session4/my_py_pkg) by extension 'colcon_pkg'
[0.159s] Level 1:colcon.colcon_core.package_identification:_identify(session4/my_py_pkg) by extensions ['colcon_meta']
[0.159s] Level 1:colcon.colcon_core.package_identification:_identify(session4/my_py_pkg) by extension 'colcon_meta'
[0.159s] Level 1:colcon.colcon_core.package_identification:_identify(session4/my_py_pkg) by extensions ['ros']
[0.159s] Level 1:colcon.colcon_core.package_identification:_identify(session4/my_py_pkg) by extension 'ros'
[0.159s] DEBUG:colcon.colcon_core.package_identification:Package 'session4/my_py_pkg' with type 'ros.ament_python' and name 'my_py_pkg'
[0.159s] Level 1:colcon.colcon_core.package_discovery:discover_packages(recursive) using defaults
[0.159s] Level 1:colcon.colcon_core.package_discovery:discover_packages(ignore) discover
[0.159s] Level 1:colcon.colcon_core.package_discovery:discover_packages(ignore) using defaults
[0.159s] Level 1:colcon.colcon_core.package_discovery:discover_packages(path) discover
[0.159s] Level 1:colcon.colcon_core.package_discovery:discover_packages(path) using defaults
[0.172s] Level 1:colcon.colcon_core.package_discovery:discover_packages(prefix_path) check parameters
[0.172s] Level 1:colcon.colcon_core.package_discovery:discover_packages(prefix_path) discover
[0.179s] DEBUG:colcon.colcon_installed_package_information.package_discovery:Found 5 installed packages in /home/ir-t11/ir_ws/install
[0.180s] DEBUG:colcon.colcon_installed_package_information.package_discovery:Found 313 installed packages in /opt/ros/humble
[0.181s] Level 1:colcon.colcon_core.package_discovery:discover_packages(prefix_path) using defaults
[0.202s] Level 5:colcon.colcon_core.verb:set package 'diff_robot_bringup' build argument 'cmake_args' from command line to 'None'
[0.203s] Level 5:colcon.colcon_core.verb:set package 'diff_robot_bringup' build argument 'cmake_target' from command line to 'None'
[0.203s] Level 5:colcon.colcon_core.verb:set package 'diff_robot_bringup' build argument 'cmake_target_skip_unavailable' from command line to 'False'
[0.203s] Level 5:colcon.colcon_core.verb:set package 'diff_robot_bringup' build argument 'cmake_clean_cache' from command line to 'False'
[0.203s] Level 5:colcon.colcon_core.verb:set package 'diff_robot_bringup' build argument 'cmake_clean_first' from command line to 'False'
[0.203s] Level 5:colcon.colcon_core.verb:set package 'diff_robot_bringup' build argument 'cmake_force_configure' from command line to 'False'
[0.203s] Level 5:colcon.colcon_core.verb:set package 'diff_robot_bringup' build argument 'ament_cmake_args' from command line to 'None'
[0.203s] Level 5:colcon.colcon_core.verb:set package 'diff_robot_bringup' build argument 'catkin_cmake_args' from command line to 'None'
[0.203s] Level 5:colcon.colcon_core.verb:set package 'diff_robot_bringup' build argument 'catkin_skip_building_tests' from command line to 'False'
[0.203s] DEBUG:colcon.colcon_core.verb:Building package 'diff_robot_bringup' with the following arguments: {'ament_cmake_args': None, 'build_base': '/home/ir-t11/ir_ws/src/build/diff_robot_bringup', 'catkin_cmake_args': None, 'catkin_skip_building_tests': False, 'cmake_args': None, 'cmake_clean_cache': False, 'cmake_clean_first': False, 'cmake_force_configure': False, 'cmake_target': None, 'cmake_target_skip_unavailable': False, 'install_base': '/home/ir-t11/ir_ws/src/install/diff_robot_bringup', 'merge_install': False, 'path': '/home/ir-t11/ir_ws/src/session3/diff_robot_bringup', 'symlink_install': False, 'test_result_base': None}
[0.203s] Level 5:colcon.colcon_core.verb:set package 'diff_robot_description' build argument 'cmake_args' from command line to 'None'
[0.203s] Level 5:colcon.colcon_core.verb:set package 'diff_robot_description' build argument 'cmake_target' from command line to 'None'
[0.203s] Level 5:colcon.colcon_core.verb:set package 'diff_robot_description' build argument 'cmake_target_skip_unavailable' from command line to 'False'
[0.203s] Level 5:colcon.colcon_core.verb:set package 'diff_robot_description' build argument 'cmake_clean_cache' from command line to 'False'
[0.203s] Level 5:colcon.colcon_core.verb:set package 'diff_robot_description' build argument 'cmake_clean_first' from command line to 'False'
[0.203s] Level 5:colcon.colcon_core.verb:set package 'diff_robot_description' build argument 'cmake_force_configure' from command line to 'False'
[0.203s] Level 5:colcon.colcon_core.verb:set package 'diff_robot_description' build argument 'ament_cmake_args' from command line to 'None'
[0.203s] Level 5:colcon.colcon_core.verb:set package 'diff_robot_description' build argument 'catkin_cmake_args' from command line to 'None'
[0.203s] Level 5:colcon.colcon_core.verb:set package 'diff_robot_description' build argument 'catkin_skip_building_tests' from command line to 'False'
[0.203s] DEBUG:colcon.colcon_core.verb:Building package 'diff_robot_description' with the following arguments: {'ament_cmake_args': None, 'build_base': '/home/ir-t11/ir_ws/src/build/diff_robot_description', 'catkin_cmake_args': None, 'catkin_skip_building_tests': False, 'cmake_args': None, 'cmake_clean_cache': False, 'cmake_clean_first': False, 'cmake_force_configure': False, 'cmake_target': None, 'cmake_target_skip_unavailable': False, 'install_base': '/home/ir-t11/ir_ws/src/install/diff_robot_description', 'merge_install': False, 'path': '/home/ir-t11/ir_ws/src/session3/diff_robot_description', 'symlink_install': False, 'test_result_base': None}
[0.203s] Level 5:colcon.colcon_core.verb:set package 'lidar_app' build argument 'cmake_args' from command line to 'None'
[0.203s] Level 5:colcon.colcon_core.verb:set package 'lidar_app' build argument 'cmake_target' from command line to 'None'
[0.203s] Level 5:colcon.colcon_core.verb:set package 'lidar_app' build argument 'cmake_target_skip_unavailable' from command line to 'False'
[0.203s] Level 5:colcon.colcon_core.verb:set package 'lidar_app' build argument 'cmake_clean_cache' from command line to 'False'
[0.203s] Level 5:colcon.colcon_core.verb:set package 'lidar_app' build argument 'cmake_clean_first' from command line to 'False'
[0.203s] Level 5:colcon.colcon_core.verb:set package 'lidar_app' build argument 'cmake_force_configure' from command line to 'False'
[0.203s] Level 5:colcon.colcon_core.verb:set package 'lidar_app' build argument 'ament_cmake_args' from command line to 'None'
[0.203s] Level 5:colcon.colcon_core.verb:set package 'lidar_app' build argument 'catkin_cmake_args' from command line to 'None'
[0.203s] Level 5:colcon.colcon_core.verb:set package 'lidar_app' build argument 'catkin_skip_building_tests' from command line to 'False'
[0.203s] DEBUG:colcon.colcon_core.verb:Building package 'lidar_app' with the following arguments: {'ament_cmake_args': None, 'build_base': '/home/ir-t11/ir_ws/src/build/lidar_app', 'catkin_cmake_args': None, 'catkin_skip_building_tests': False, 'cmake_args': None, 'cmake_clean_cache': False, 'cmake_clean_first': False, 'cmake_force_configure': False, 'cmake_target': None, 'cmake_target_skip_unavailable': False, 'install_base': '/home/ir-t11/ir_ws/src/install/lidar_app', 'merge_install': False, 'path': '/home/ir-t11/ir_ws/src/session4/lidar_app', 'symlink_install': False, 'test_result_base': None}
[0.203s] Level 5:colcon.colcon_core.verb:set package 'my_py_pkg' build argument 'cmake_args' from command line to 'None'
[0.203s] Level 5:colcon.colcon_core.verb:set package 'my_py_pkg' build argument 'cmake_target' from command line to 'None'
[0.203s] Level 5:colcon.colcon_core.verb:set package 'my_py_pkg' build argument 'cmake_target_skip_unavailable' from command line to 'False'
[0.203s] Level 5:colcon.colcon_core.verb:set package 'my_py_pkg' build argument 'cmake_clean_cache' from command line to 'False'
[0.203s] Level 5:colcon.colcon_core.verb:set package 'my_py_pkg' build argument 'cmake_clean_first' from command line to 'False'
[0.203s] Level 5:colcon.colcon_core.verb:set package 'my_py_pkg' build argument 'cmake_force_configure' from command line to 'False'
[0.203s] Level 5:colcon.colcon_core.verb:set package 'my_py_pkg' build argument 'ament_cmake_args' from command line to 'None'
[0.204s] Level 5:colcon.colcon_core.verb:set package 'my_py_pkg' build argument 'catkin_cmake_args' from command line to 'None'
[0.204s] Level 5:colcon.colcon_core.verb:set package 'my_py_pkg' build argument 'catkin_skip_building_tests' from command line to 'False'
[0.204s] DEBUG:colcon.colcon_core.verb:Building package 'my_py_pkg' with the following arguments: {'ament_cmake_args': None, 'build_base': '/home/ir-t11/ir_ws/src/build/my_py_pkg', 'catkin_cmake_args': None, 'catkin_skip_building_tests': False, 'cmake_args': None, 'cmake_clean_cache': False, 'cmake_clean_first': False, 'cmake_force_configure': False, 'cmake_target': None, 'cmake_target_skip_unavailable': False, 'install_base': '/home/ir-t11/ir_ws/src/install/my_py_pkg', 'merge_install': False, 'path': '/home/ir-t11/ir_ws/src/session4/my_py_pkg', 'symlink_install': False, 'test_result_base': None}
[0.204s] Level 5:colcon.colcon_core.verb:set package 'osr_gazebo' build argument 'cmake_args' from command line to 'None'
[0.204s] Level 5:colcon.colcon_core.verb:set package 'osr_gazebo' build argument 'cmake_target' from command line to 'None'
[0.204s] Level 5:colcon.colcon_core.verb:set package 'osr_gazebo' build argument 'cmake_target_skip_unavailable' from command line to 'False'
[0.204s] Level 5:colcon.colcon_core.verb:set package 'osr_gazebo' build argument 'cmake_clean_cache' from command line to 'False'
[0.204s] Level 5:colcon.colcon_core.verb:set package 'osr_gazebo' build argument 'cmake_clean_first' from command line to 'False'
[0.204s] Level 5:colcon.colcon_core.verb:set package 'osr_gazebo' build argument 'cmake_force_configure' from command line to 'False'
[0.204s] Level 5:colcon.colcon_core.verb:set package 'osr_gazebo' build argument 'ament_cmake_args' from command line to 'None'
[0.204s] Level 5:colcon.colcon_core.verb:set package 'osr_gazebo' build argument 'catkin_cmake_args' from command line to 'None'
[0.204s] Level 5:colcon.colcon_core.verb:set package 'osr_gazebo' build argument 'catkin_skip_building_tests' from command line to 'False'
[0.204s] DEBUG:colcon.colcon_core.verb:Building package 'osr_gazebo' with the following arguments: {'ament_cmake_args': None, 'build_base': '/home/ir-t11/ir_ws/src/build/osr_gazebo', 'catkin_cmake_args': None, 'catkin_skip_building_tests': False, 'cmake_args': None, 'cmake_clean_cache': False, 'cmake_clean_first': False, 'cmake_force_configure': False, 'cmake_target': None, 'cmake_target_skip_unavailable': False, 'install_base': '/home/ir-t11/ir_ws/src/install/osr_gazebo', 'merge_install': False, 'path': '/home/ir-t11/ir_ws/src/project/osr_gazebo', 'symlink_install': False, 'test_result_base': None}
[0.204s] INFO:colcon.colcon_core.executor:Executing jobs using 'parallel' executor
[0.205s] DEBUG:colcon.colcon_parallel_executor.executor.parallel:run_until_complete
[0.205s] INFO:colcon.colcon_ros.task.ament_cmake.build:Building ROS package in '/home/ir-t11/ir_ws/src/session3/diff_robot_bringup' with build type 'ament_cmake'
[0.205s] INFO:colcon.colcon_cmake.task.cmake.build:Building CMake package in '/home/ir-t11/ir_ws/src/session3/diff_robot_bringup'
[0.206s] INFO:colcon.colcon_core.plugin_system:Skipping extension 'colcon_core.shell.bat': Not used on non-Windows systems
[0.206s] INFO:colcon.colcon_core.shell:Skip shell extension 'powershell' for command environment: Not usable outside of PowerShell
[0.206s] DEBUG:colcon.colcon_core.shell:Skip shell extension 'dsv' for command environment
[0.208s] INFO:colcon.colcon_ros.task.ament_cmake.build:Building ROS package in '/home/ir-t11/ir_ws/src/session3/diff_robot_description' with build type 'ament_cmake'
[0.208s] INFO:colcon.colcon_cmake.task.cmake.build:Building CMake package in '/home/ir-t11/ir_ws/src/session3/diff_robot_description'
[0.208s] INFO:colcon.colcon_core.shell:Skip shell extension 'powershell' for command environment: Not usable outside of PowerShell
[0.208s] DEBUG:colcon.colcon_core.shell:Skip shell extension 'dsv' for command environment
[0.210s] INFO:colcon.colcon_ros.task.ament_python.build:Building ROS package in '/home/ir-t11/ir_ws/src/session4/lidar_app' with build type 'ament_python'
[0.210s] Level 1:colcon.colcon_core.shell:create_environment_hook('lidar_app', 'ament_prefix_path')
[0.210s] INFO:colcon.colcon_core.shell:Creating environment hook '/home/ir-t11/ir_ws/src/install/lidar_app/share/lidar_app/hook/ament_prefix_path.ps1'
[0.211s] INFO:colcon.colcon_core.shell:Creating environment descriptor '/home/ir-t11/ir_ws/src/install/lidar_app/share/lidar_app/hook/ament_prefix_path.dsv'
[0.211s] INFO:colcon.colcon_core.shell:Creating environment hook '/home/ir-t11/ir_ws/src/install/lidar_app/share/lidar_app/hook/ament_prefix_path.sh'
[0.211s] INFO:colcon.colcon_core.shell:Skip shell extension 'powershell' for command environment: Not usable outside of PowerShell
[0.211s] DEBUG:colcon.colcon_core.shell:Skip shell extension 'dsv' for command environment
[0.213s] INFO:colcon.colcon_ros.task.ament_python.build:Building ROS package in '/home/ir-t11/ir_ws/src/session4/my_py_pkg' with build type 'ament_python'
[0.213s] Level 1:colcon.colcon_core.shell:create_environment_hook('my_py_pkg', 'ament_prefix_path')
[0.213s] INFO:colcon.colcon_core.shell:Creating environment hook '/home/ir-t11/ir_ws/src/install/my_py_pkg/share/my_py_pkg/hook/ament_prefix_path.ps1'
[0.213s] INFO:colcon.colcon_core.shell:Creating environment descriptor '/home/ir-t11/ir_ws/src/install/my_py_pkg/share/my_py_pkg/hook/ament_prefix_path.dsv'
[0.213s] INFO:colcon.colcon_core.shell:Creating environment hook '/home/ir-t11/ir_ws/src/install/my_py_pkg/share/my_py_pkg/hook/ament_prefix_path.sh'
[0.214s] INFO:colcon.colcon_core.shell:Skip shell extension 'powershell' for command environment: Not usable outside of PowerShell
[0.214s] DEBUG:colcon.colcon_core.shell:Skip shell extension 'dsv' for command environment
[0.215s] INFO:colcon.colcon_ros.task.ament_cmake.build:Building ROS package in '/home/ir-t11/ir_ws/src/project/osr_gazebo' with build type 'ament_cmake'
[0.215s] INFO:colcon.colcon_cmake.task.cmake.build:Building CMake package in '/home/ir-t11/ir_ws/src/project/osr_gazebo'
[0.215s] INFO:colcon.colcon_core.shell:Skip shell extension 'powershell' for command environment: Not usable outside of PowerShell
[0.215s] DEBUG:colcon.colcon_core.shell:Skip shell extension 'dsv' for command environment
[0.219s] DEBUG:colcon.colcon_core.event_handler.log_command:Invoking command in '/home/ir-t11/ir_ws/src/build/diff_robot_bringup': CMAKE_PREFIX_PATH=${CMAKE_PREFIX_PATH}:/home/ir-t11/ir_ws/install/my_py_pkg:/home/ir-t11/ir_ws/install/lidar_app:/opt/ros/humble /usr/bin/cmake /home/ir-t11/ir_ws/src/session3/diff_robot_bringup -DCMAKE_INSTALL_PREFIX=/home/ir-t11/ir_ws/src/install/diff_robot_bringup
[0.221s] DEBUG:colcon.colcon_core.event_handler.log_command:Invoking command in '/home/ir-t11/ir_ws/src/build/diff_robot_description': CMAKE_PREFIX_PATH=${CMAKE_PREFIX_PATH}:/home/ir-t11/ir_ws/install/my_py_pkg:/home/ir-t11/ir_ws/install/lidar_app:/opt/ros/humble /usr/bin/cmake /home/ir-t11/ir_ws/src/session3/diff_robot_description -DCMAKE_INSTALL_PREFIX=/home/ir-t11/ir_ws/src/install/diff_robot_description
[0.359s] INFO:colcon.colcon_core.task.python.build:Building Python package in '/home/ir-t11/ir_ws/src/session4/lidar_app'
[0.359s] INFO:colcon.colcon_core.shell:Skip shell extension 'powershell' for command environment: Not usable outside of PowerShell
[0.359s] DEBUG:colcon.colcon_core.shell:Skip shell extension 'dsv' for command environment
[0.515s] INFO:colcon.colcon_core.task.python.build:Building Python package in '/home/ir-t11/ir_ws/src/session4/my_py_pkg'
[0.515s] INFO:colcon.colcon_core.shell:Skip shell extension 'powershell' for command environment: Not usable outside of PowerShell
[0.515s] DEBUG:colcon.colcon_core.shell:Skip shell extension 'dsv' for command environment
[0.521s] DEBUG:colcon.colcon_core.event_handler.log_command:Invoking command in '/home/ir-t11/ir_ws/src/build/osr_gazebo': CMAKE_PREFIX_PATH=${CMAKE_PREFIX_PATH}:/home/ir-t11/ir_ws/install/my_py_pkg:/home/ir-t11/ir_ws/install/lidar_app:/opt/ros/humble /usr/bin/cmake /home/ir-t11/ir_ws/src/project/osr_gazebo -DCMAKE_INSTALL_PREFIX=/home/ir-t11/ir_ws/src/install/osr_gazebo
[0.743s] DEBUG:colcon.colcon_core.event_handler.log_command:Invoked command in '/home/ir-t11/ir_ws/src/build/diff_robot_bringup' returned '0': CMAKE_PREFIX_PATH=${CMAKE_PREFIX_PATH}:/home/ir-t11/ir_ws/install/my_py_pkg:/home/ir-t11/ir_ws/install/lidar_app:/opt/ros/humble /usr/bin/cmake /home/ir-t11/ir_ws/src/session3/diff_robot_bringup -DCMAKE_INSTALL_PREFIX=/home/ir-t11/ir_ws/src/install/diff_robot_bringup
[0.744s] DEBUG:colcon.colcon_core.event_handler.log_command:Invoking command in '/home/ir-t11/ir_ws/src/build/diff_robot_bringup': CMAKE_PREFIX_PATH=${CMAKE_PREFIX_PATH}:/home/ir-t11/ir_ws/install/my_py_pkg:/home/ir-t11/ir_ws/install/lidar_app:/opt/ros/humble /usr/bin/cmake --build /home/ir-t11/ir_ws/src/build/diff_robot_bringup -- -j12 -l12
[0.745s] DEBUG:colcon.colcon_core.event_handler.log_command:Invoked command in '/home/ir-t11/ir_ws/src/build/diff_robot_description' returned '0': CMAKE_PREFIX_PATH=${CMAKE_PREFIX_PATH}:/home/ir-t11/ir_ws/install/my_py_pkg:/home/ir-t11/ir_ws/install/lidar_app:/opt/ros/humble /usr/bin/cmake /home/ir-t11/ir_ws/src/session3/diff_robot_description -DCMAKE_INSTALL_PREFIX=/home/ir-t11/ir_ws/src/install/diff_robot_description
[0.746s] DEBUG:colcon.colcon_core.event_handler.log_command:Invoking command in '/home/ir-t11/ir_ws/src/build/diff_robot_description': CMAKE_PREFIX_PATH=${CMAKE_PREFIX_PATH}:/home/ir-t11/ir_ws/install/my_py_pkg:/home/ir-t11/ir_ws/install/lidar_app:/opt/ros/humble /usr/bin/cmake --build /home/ir-t11/ir_ws/src/build/diff_robot_description -- -j12 -l12
[0.755s] DEBUG:colcon.colcon_core.event_handler.log_command:Invoking command in '/home/ir-t11/ir_ws/src/session4/lidar_app': PYTHONPATH=/home/ir-t11/ir_ws/src/build/lidar_app/prefix_override:/usr/lib/python3/dist-packages/colcon_core/task/python/colcon_distutils_commands:/home/ir-t11/ir_ws/src/install/lidar_app/lib/python3.10/site-packages:${PYTHONPATH} /usr/bin/python3 -W ignore:setup.py install is deprecated -W ignore:easy_install command is deprecated setup.py egg_info --egg-base ../../build/lidar_app build --build-base /home/ir-t11/ir_ws/src/build/lidar_app/build install --record /home/ir-t11/ir_ws/src/build/lidar_app/install.log --single-version-externally-managed install_data
[0.757s] DEBUG:colcon.colcon_core.event_handler.log_command:Invoking command in '/home/ir-t11/ir_ws/src/session4/my_py_pkg': PYTHONPATH=/home/ir-t11/ir_ws/src/build/my_py_pkg/prefix_override:/usr/lib/python3/dist-packages/colcon_core/task/python/colcon_distutils_commands:/home/ir-t11/ir_ws/src/install/my_py_pkg/lib/python3.10/site-packages:${PYTHONPATH} /usr/bin/python3 -W ignore:setup.py install is deprecated -W ignore:easy_install command is deprecated setup.py egg_info --egg-base ../../build/my_py_pkg build --build-base /home/ir-t11/ir_ws/src/build/my_py_pkg/build install --record /home/ir-t11/ir_ws/src/build/my_py_pkg/install.log --single-version-externally-managed install_data
[0.769s] DEBUG:colcon.colcon_core.event_handler.log_command:Invoked command in '/home/ir-t11/ir_ws/src/build/diff_robot_bringup' returned '0': CMAKE_PREFIX_PATH=${CMAKE_PREFIX_PATH}:/home/ir-t11/ir_ws/install/my_py_pkg:/home/ir-t11/ir_ws/install/lidar_app:/opt/ros/humble /usr/bin/cmake --build /home/ir-t11/ir_ws/src/build/diff_robot_bringup -- -j12 -l12
[0.775s] DEBUG:colcon.colcon_core.event_handler.log_command:Invoking command in '/home/ir-t11/ir_ws/src/build/diff_robot_bringup': CMAKE_PREFIX_PATH=${CMAKE_PREFIX_PATH}:/home/ir-t11/ir_ws/install/my_py_pkg:/home/ir-t11/ir_ws/install/lidar_app:/opt/ros/humble /usr/bin/cmake --install /home/ir-t11/ir_ws/src/build/diff_robot_bringup
[0.776s] DEBUG:colcon.colcon_core.event_handler.log_command:Invoked command in '/home/ir-t11/ir_ws/src/build/diff_robot_description' returned '0': CMAKE_PREFIX_PATH=${CMAKE_PREFIX_PATH}:/home/ir-t11/ir_ws/install/my_py_pkg:/home/ir-t11/ir_ws/install/lidar_app:/opt/ros/humble /usr/bin/cmake --build /home/ir-t11/ir_ws/src/build/diff_robot_description -- -j12 -l12
[0.777s] DEBUG:colcon.colcon_core.event_handler.log_command:Invoking command in '/home/ir-t11/ir_ws/src/build/diff_robot_description': CMAKE_PREFIX_PATH=${CMAKE_PREFIX_PATH}:/home/ir-t11/ir_ws/install/my_py_pkg:/home/ir-t11/ir_ws/install/lidar_app:/opt/ros/humble /usr/bin/cmake --install /home/ir-t11/ir_ws/src/build/diff_robot_description
[0.783s] Level 1:colcon.colcon_core.environment:create_environment_scripts_only(diff_robot_bringup)
[0.783s] DEBUG:colcon.colcon_core.event_handler.log_command:Invoked command in '/home/ir-t11/ir_ws/src/build/diff_robot_bringup' returned '0': CMAKE_PREFIX_PATH=${CMAKE_PREFIX_PATH}:/home/ir-t11/ir_ws/install/my_py_pkg:/home/ir-t11/ir_ws/install/lidar_app:/opt/ros/humble /usr/bin/cmake --install /home/ir-t11/ir_ws/src/build/diff_robot_bringup
[0.785s] Level 1:colcon.colcon_core.environment:checking '/home/ir-t11/ir_ws/src/install/diff_robot_bringup' for CMake module files
[0.785s] Level 1:colcon.colcon_core.environment:checking '/home/ir-t11/ir_ws/src/install/diff_robot_bringup' for CMake config files
[0.785s] Level 1:colcon.colcon_core.shell:create_environment_hook('diff_robot_bringup', 'cmake_prefix_path')
[0.785s] INFO:colcon.colcon_core.shell:Creating environment hook '/home/ir-t11/ir_ws/src/install/diff_robot_bringup/share/diff_robot_bringup/hook/cmake_prefix_path.ps1'
[0.786s] INFO:colcon.colcon_core.shell:Creating environment descriptor '/home/ir-t11/ir_ws/src/install/diff_robot_bringup/share/diff_robot_bringup/hook/cmake_prefix_path.dsv'
[0.786s] INFO:colcon.colcon_core.shell:Creating environment hook '/home/ir-t11/ir_ws/src/install/diff_robot_bringup/share/diff_robot_bringup/hook/cmake_prefix_path.sh'
[0.786s] Level 1:colcon.colcon_core.environment:checking '/home/ir-t11/ir_ws/src/install/diff_robot_bringup/bin'
[0.786s] Level 1:colcon.colcon_core.environment:checking '/home/ir-t11/ir_ws/src/install/diff_robot_bringup/lib/pkgconfig/diff_robot_bringup.pc'
[0.786s] Level 1:colcon.colcon_core.environment:checking '/home/ir-t11/ir_ws/src/install/diff_robot_bringup/lib/python3.10/site-packages'
[0.786s] Level 1:colcon.colcon_core.environment:checking '/home/ir-t11/ir_ws/src/install/diff_robot_bringup/bin'
[0.787s] INFO:colcon.colcon_core.shell:Creating package script '/home/ir-t11/ir_ws/src/install/diff_robot_bringup/share/diff_robot_bringup/package.ps1'
[0.787s] INFO:colcon.colcon_core.shell:Creating package descriptor '/home/ir-t11/ir_ws/src/install/diff_robot_bringup/share/diff_robot_bringup/package.dsv'
[0.788s] INFO:colcon.colcon_core.shell:Creating package script '/home/ir-t11/ir_ws/src/install/diff_robot_bringup/share/diff_robot_bringup/package.sh'
[0.788s] INFO:colcon.colcon_core.shell:Creating package script '/home/ir-t11/ir_ws/src/install/diff_robot_bringup/share/diff_robot_bringup/package.bash'
[0.788s] INFO:colcon.colcon_core.shell:Creating package script '/home/ir-t11/ir_ws/src/install/diff_robot_bringup/share/diff_robot_bringup/package.zsh'
[0.789s] Level 1:colcon.colcon_core.environment:create_file_with_runtime_dependencies(/home/ir-t11/ir_ws/src/install/diff_robot_bringup/share/colcon-core/packages/diff_robot_bringup)
[0.789s] Level 1:colcon.colcon_core.environment:create_environment_scripts_only(diff_robot_bringup)
[0.789s] Level 1:colcon.colcon_core.environment:checking '/home/ir-t11/ir_ws/src/install/diff_robot_bringup' for CMake module files
[0.789s] Level 1:colcon.colcon_core.environment:checking '/home/ir-t11/ir_ws/src/install/diff_robot_bringup' for CMake config files
[0.790s] Level 1:colcon.colcon_core.shell:create_environment_hook('diff_robot_bringup', 'cmake_prefix_path')
[0.790s] INFO:colcon.colcon_core.shell:Creating environment hook '/home/ir-t11/ir_ws/src/install/diff_robot_bringup/share/diff_robot_bringup/hook/cmake_prefix_path.ps1'
[0.790s] INFO:colcon.colcon_core.shell:Creating environment descriptor '/home/ir-t11/ir_ws/src/install/diff_robot_bringup/share/diff_robot_bringup/hook/cmake_prefix_path.dsv'
[0.790s] INFO:colcon.colcon_core.shell:Creating environment hook '/home/ir-t11/ir_ws/src/install/diff_robot_bringup/share/diff_robot_bringup/hook/cmake_prefix_path.sh'
[0.790s] Level 1:colcon.colcon_core.environment:checking '/home/ir-t11/ir_ws/src/install/diff_robot_bringup/bin'
[0.790s] Level 1:colcon.colcon_core.environment:checking '/home/ir-t11/ir_ws/src/install/diff_robot_bringup/lib/pkgconfig/diff_robot_bringup.pc'
[0.791s] Level 1:colcon.colcon_core.environment:checking '/home/ir-t11/ir_ws/src/install/diff_robot_bringup/lib/python3.10/site-packages'
[0.791s] Level 1:colcon.colcon_core.environment:checking '/home/ir-t11/ir_ws/src/install/diff_robot_bringup/bin'
[0.791s] INFO:colcon.colcon_core.shell:Creating package script '/home/ir-t11/ir_ws/src/install/diff_robot_bringup/share/diff_robot_bringup/package.ps1'
[0.791s] INFO:colcon.colcon_core.shell:Creating package descriptor '/home/ir-t11/ir_ws/src/install/diff_robot_bringup/share/diff_robot_bringup/package.dsv'
[0.792s] INFO:colcon.colcon_core.shell:Creating package script '/home/ir-t11/ir_ws/src/install/diff_robot_bringup/share/diff_robot_bringup/package.sh'
[0.792s] INFO:colcon.colcon_core.shell:Creating package script '/home/ir-t11/ir_ws/src/install/diff_robot_bringup/share/diff_robot_bringup/package.bash'
[0.792s] INFO:colcon.colcon_core.shell:Creating package script '/home/ir-t11/ir_ws/src/install/diff_robot_bringup/share/diff_robot_bringup/package.zsh'
[0.792s] Level 1:colcon.colcon_core.environment:create_file_with_runtime_dependencies(/home/ir-t11/ir_ws/src/install/diff_robot_bringup/share/colcon-core/packages/diff_robot_bringup)
[0.793s] Level 1:colcon.colcon_core.environment:create_environment_scripts_only(diff_robot_description)
[0.793s] Level 1:colcon.colcon_core.environment:checking '/home/ir-t11/ir_ws/src/install/diff_robot_description' for CMake module files
[0.793s] DEBUG:colcon.colcon_core.event_handler.log_command:Invoked command in '/home/ir-t11/ir_ws/src/build/diff_robot_description' returned '0': CMAKE_PREFIX_PATH=${CMAKE_PREFIX_PATH}:/home/ir-t11/ir_ws/install/my_py_pkg:/home/ir-t11/ir_ws/install/lidar_app:/opt/ros/humble /usr/bin/cmake --install /home/ir-t11/ir_ws/src/build/diff_robot_description
[0.793s] Level 1:colcon.colcon_core.environment:checking '/home/ir-t11/ir_ws/src/install/diff_robot_description' for CMake config files
[0.794s] Level 1:colcon.colcon_core.shell:create_environment_hook('diff_robot_description', 'cmake_prefix_path')
[0.794s] INFO:colcon.colcon_core.shell:Creating environment hook '/home/ir-t11/ir_ws/src/install/diff_robot_description/share/diff_robot_description/hook/cmake_prefix_path.ps1'
[0.794s] INFO:colcon.colcon_core.shell:Creating environment descriptor '/home/ir-t11/ir_ws/src/install/diff_robot_description/share/diff_robot_description/hook/cmake_prefix_path.dsv'
[0.794s] INFO:colcon.colcon_core.shell:Creating environment hook '/home/ir-t11/ir_ws/src/install/diff_robot_description/share/diff_robot_description/hook/cmake_prefix_path.sh'
[0.794s] Level 1:colcon.colcon_core.environment:checking '/home/ir-t11/ir_ws/src/install/diff_robot_description/bin'
[0.794s] Level 1:colcon.colcon_core.environment:checking '/home/ir-t11/ir_ws/src/install/diff_robot_description/lib/pkgconfig/diff_robot_description.pc'
[0.794s] Level 1:colcon.colcon_core.environment:checking '/home/ir-t11/ir_ws/src/install/diff_robot_description/lib/python3.10/site-packages'
[0.795s] Level 1:colcon.colcon_core.environment:checking '/home/ir-t11/ir_ws/src/install/diff_robot_description/bin'
[0.795s] INFO:colcon.colcon_core.shell:Creating package script '/home/ir-t11/ir_ws/src/install/diff_robot_description/share/diff_robot_description/package.ps1'
[0.795s] INFO:colcon.colcon_core.shell:Creating package descriptor '/home/ir-t11/ir_ws/src/install/diff_robot_description/share/diff_robot_description/package.dsv'
[0.795s] INFO:colcon.colcon_core.shell:Creating package script '/home/ir-t11/ir_ws/src/install/diff_robot_description/share/diff_robot_description/package.sh'
[0.795s] INFO:colcon.colcon_core.shell:Creating package script '/home/ir-t11/ir_ws/src/install/diff_robot_description/share/diff_robot_description/package.bash'
[0.796s] INFO:colcon.colcon_core.shell:Creating package script '/home/ir-t11/ir_ws/src/install/diff_robot_description/share/diff_robot_description/package.zsh'
[0.796s] Level 1:colcon.colcon_core.environment:create_file_with_runtime_dependencies(/home/ir-t11/ir_ws/src/install/diff_robot_description/share/colcon-core/packages/diff_robot_description)
[0.796s] Level 1:colcon.colcon_core.environment:create_environment_scripts_only(diff_robot_description)
[0.796s] Level 1:colcon.colcon_core.environment:checking '/home/ir-t11/ir_ws/src/install/diff_robot_description' for CMake module files
[0.796s] Level 1:colcon.colcon_core.environment:checking '/home/ir-t11/ir_ws/src/install/diff_robot_description' for CMake config files
[0.796s] Level 1:colcon.colcon_core.shell:create_environment_hook('diff_robot_description', 'cmake_prefix_path')
[0.797s] INFO:colcon.colcon_core.shell:Creating environment hook '/home/ir-t11/ir_ws/src/install/diff_robot_description/share/diff_robot_description/hook/cmake_prefix_path.ps1'
[0.797s] INFO:colcon.colcon_core.shell:Creating environment descriptor '/home/ir-t11/ir_ws/src/install/diff_robot_description/share/diff_robot_description/hook/cmake_prefix_path.dsv'
[0.797s] INFO:colcon.colcon_core.shell:Creating environment hook '/home/ir-t11/ir_ws/src/install/diff_robot_description/share/diff_robot_description/hook/cmake_prefix_path.sh'
[0.797s] Level 1:colcon.colcon_core.environment:checking '/home/ir-t11/ir_ws/src/install/diff_robot_description/bin'
[0.797s] Level 1:colcon.colcon_core.environment:checking '/home/ir-t11/ir_ws/src/install/diff_robot_description/lib/pkgconfig/diff_robot_description.pc'
[0.797s] Level 1:colcon.colcon_core.environment:checking '/home/ir-t11/ir_ws/src/install/diff_robot_description/lib/python3.10/site-packages'
[0.798s] Level 1:colcon.colcon_core.environment:checking '/home/ir-t11/ir_ws/src/install/diff_robot_description/bin'
[0.798s] INFO:colcon.colcon_core.shell:Creating package script '/home/ir-t11/ir_ws/src/install/diff_robot_description/share/diff_robot_description/package.ps1'
[0.798s] INFO:colcon.colcon_core.shell:Creating package descriptor '/home/ir-t11/ir_ws/src/install/diff_robot_description/share/diff_robot_description/package.dsv'
[0.798s] INFO:colcon.colcon_core.shell:Creating package script '/home/ir-t11/ir_ws/src/install/diff_robot_description/share/diff_robot_description/package.sh'
[0.798s] INFO:colcon.colcon_core.shell:Creating package script '/home/ir-t11/ir_ws/src/install/diff_robot_description/share/diff_robot_description/package.bash'
[0.799s] INFO:colcon.colcon_core.shell:Creating package script '/home/ir-t11/ir_ws/src/install/diff_robot_description/share/diff_robot_description/package.zsh'
[0.799s] Level 1:colcon.colcon_core.environment:create_file_with_runtime_dependencies(/home/ir-t11/ir_ws/src/install/diff_robot_description/share/colcon-core/packages/diff_robot_description)
[0.922s] Level 1:colcon.colcon_core.environment:checking '/home/ir-t11/ir_ws/src/install/lidar_app' for CMake module files
[0.922s] DEBUG:colcon.colcon_core.event_handler.log_command:Invoked command in '/home/ir-t11/ir_ws/src/session4/lidar_app' returned '0': PYTHONPATH=/home/ir-t11/ir_ws/src/build/lidar_app/prefix_override:/usr/lib/python3/dist-packages/colcon_core/task/python/colcon_distutils_commands:/home/ir-t11/ir_ws/src/install/lidar_app/lib/python3.10/site-packages:${PYTHONPATH} /usr/bin/python3 -W ignore:setup.py install is deprecated -W ignore:easy_install command is deprecated setup.py egg_info --egg-base ../../build/lidar_app build --build-base /home/ir-t11/ir_ws/src/build/lidar_app/build install --record /home/ir-t11/ir_ws/src/build/lidar_app/install.log --single-version-externally-managed install_data
[0.923s] Level 1:colcon.colcon_core.environment:checking '/home/ir-t11/ir_ws/src/install/lidar_app' for CMake config files
[0.923s] Level 1:colcon.colcon_core.environment:checking '/home/ir-t11/ir_ws/src/install/lidar_app/lib'
[0.923s] Level 1:colcon.colcon_core.environment:checking '/home/ir-t11/ir_ws/src/install/lidar_app/bin'
[0.923s] Level 1:colcon.colcon_core.environment:checking '/home/ir-t11/ir_ws/src/install/lidar_app/lib/pkgconfig/lidar_app.pc'
[0.924s] Level 1:colcon.colcon_core.environment:checking '/home/ir-t11/ir_ws/src/install/lidar_app/lib/python3.10/site-packages'
[0.924s] Level 1:colcon.colcon_core.shell:create_environment_hook('lidar_app', 'pythonpath')
[0.924s] INFO:colcon.colcon_core.shell:Creating environment hook '/home/ir-t11/ir_ws/src/install/lidar_app/share/lidar_app/hook/pythonpath.ps1'
[0.924s] INFO:colcon.colcon_core.shell:Creating environment descriptor '/home/ir-t11/ir_ws/src/install/lidar_app/share/lidar_app/hook/pythonpath.dsv'
[0.924s] INFO:colcon.colcon_core.shell:Creating environment hook '/home/ir-t11/ir_ws/src/install/lidar_app/share/lidar_app/hook/pythonpath.sh'
[0.925s] Level 1:colcon.colcon_core.environment:checking '/home/ir-t11/ir_ws/src/install/lidar_app/bin'
[0.925s] Level 1:colcon.colcon_core.environment:create_environment_scripts_only(lidar_app)
[0.925s] INFO:colcon.colcon_core.shell:Creating package script '/home/ir-t11/ir_ws/src/install/lidar_app/share/lidar_app/package.ps1'
[0.925s] INFO:colcon.colcon_core.shell:Creating package descriptor '/home/ir-t11/ir_ws/src/install/lidar_app/share/lidar_app/package.dsv'
[0.926s] INFO:colcon.colcon_core.shell:Creating package script '/home/ir-t11/ir_ws/src/install/lidar_app/share/lidar_app/package.sh'
[0.926s] INFO:colcon.colcon_core.shell:Creating package script '/home/ir-t11/ir_ws/src/install/lidar_app/share/lidar_app/package.bash'
[0.926s] INFO:colcon.colcon_core.shell:Creating package script '/home/ir-t11/ir_ws/src/install/lidar_app/share/lidar_app/package.zsh'
[0.926s] Level 1:colcon.colcon_core.environment:create_file_with_runtime_dependencies(/home/ir-t11/ir_ws/src/install/lidar_app/share/colcon-core/packages/lidar_app)
[0.941s] Level 1:colcon.colcon_core.environment:checking '/home/ir-t11/ir_ws/src/install/my_py_pkg' for CMake module files
[0.942s] DEBUG:colcon.colcon_core.event_handler.log_command:Invoked command in '/home/ir-t11/ir_ws/src/session4/my_py_pkg' returned '0': PYTHONPATH=/home/ir-t11/ir_ws/src/build/my_py_pkg/prefix_override:/usr/lib/python3/dist-packages/colcon_core/task/python/colcon_distutils_commands:/home/ir-t11/ir_ws/src/install/my_py_pkg/lib/python3.10/site-packages:${PYTHONPATH} /usr/bin/python3 -W ignore:setup.py install is deprecated -W ignore:easy_install command is deprecated setup.py egg_info --egg-base ../../build/my_py_pkg build --build-base /home/ir-t11/ir_ws/src/build/my_py_pkg/build install --record /home/ir-t11/ir_ws/src/build/my_py_pkg/install.log --single-version-externally-managed install_data
[0.942s] Level 1:colcon.colcon_core.environment:checking '/home/ir-t11/ir_ws/src/install/my_py_pkg' for CMake config files
[0.942s] Level 1:colcon.colcon_core.environment:checking '/home/ir-t11/ir_ws/src/install/my_py_pkg/lib'
[0.942s] Level 1:colcon.colcon_core.environment:checking '/home/ir-t11/ir_ws/src/install/my_py_pkg/bin'
[0.942s] Level 1:colcon.colcon_core.environment:checking '/home/ir-t11/ir_ws/src/install/my_py_pkg/lib/pkgconfig/my_py_pkg.pc'
[0.942s] Level 1:colcon.colcon_core.environment:checking '/home/ir-t11/ir_ws/src/install/my_py_pkg/lib/python3.10/site-packages'
[0.942s] Level 1:colcon.colcon_core.shell:create_environment_hook('my_py_pkg', 'pythonpath')
[0.942s] INFO:colcon.colcon_core.shell:Creating environment hook '/home/ir-t11/ir_ws/src/install/my_py_pkg/share/my_py_pkg/hook/pythonpath.ps1'
[0.943s] INFO:colcon.colcon_core.shell:Creating environment descriptor '/home/ir-t11/ir_ws/src/install/my_py_pkg/share/my_py_pkg/hook/pythonpath.dsv'
[0.943s] INFO:colcon.colcon_core.shell:Creating environment hook '/home/ir-t11/ir_ws/src/install/my_py_pkg/share/my_py_pkg/hook/pythonpath.sh'
[0.943s] Level 1:colcon.colcon_core.environment:checking '/home/ir-t11/ir_ws/src/install/my_py_pkg/bin'
[0.943s] Level 1:colcon.colcon_core.environment:create_environment_scripts_only(my_py_pkg)
[0.944s] INFO:colcon.colcon_core.shell:Creating package script '/home/ir-t11/ir_ws/src/install/my_py_pkg/share/my_py_pkg/package.ps1'
[0.944s] INFO:colcon.colcon_core.shell:Creating package descriptor '/home/ir-t11/ir_ws/src/install/my_py_pkg/share/my_py_pkg/package.dsv'
[0.944s] INFO:colcon.colcon_core.shell:Creating package script '/home/ir-t11/ir_ws/src/install/my_py_pkg/share/my_py_pkg/package.sh'
[0.944s] INFO:colcon.colcon_core.shell:Creating package script '/home/ir-t11/ir_ws/src/install/my_py_pkg/share/my_py_pkg/package.bash'
[0.945s] INFO:colcon.colcon_core.shell:Creating package script '/home/ir-t11/ir_ws/src/install/my_py_pkg/share/my_py_pkg/package.zsh'
[0.945s] Level 1:colcon.colcon_core.environment:create_file_with_runtime_dependencies(/home/ir-t11/ir_ws/src/install/my_py_pkg/share/colcon-core/packages/my_py_pkg)
[1.497s] DEBUG:colcon.colcon_core.event_handler.log_command:Invoked command in '/home/ir-t11/ir_ws/src/build/osr_gazebo' returned '0': CMAKE_PREFIX_PATH=${CMAKE_PREFIX_PATH}:/home/ir-t11/ir_ws/install/my_py_pkg:/home/ir-t11/ir_ws/install/lidar_app:/opt/ros/humble /usr/bin/cmake /home/ir-t11/ir_ws/src/project/osr_gazebo -DCMAKE_INSTALL_PREFIX=/home/ir-t11/ir_ws/src/install/osr_gazebo
[1.498s] DEBUG:colcon.colcon_core.event_handler.log_command:Invoking command in '/home/ir-t11/ir_ws/src/build/osr_gazebo': CMAKE_PREFIX_PATH=${CMAKE_PREFIX_PATH}:/home/ir-t11/ir_ws/install/my_py_pkg:/home/ir-t11/ir_ws/install/lidar_app:/opt/ros/humble /usr/bin/cmake --build /home/ir-t11/ir_ws/src/build/osr_gazebo -- -j12 -l12
[11.410s] DEBUG:colcon.colcon_core.event_handler.log_command:Invoked command in '/home/ir-t11/ir_ws/src/build/osr_gazebo' returned '0': CMAKE_PREFIX_PATH=${CMAKE_PREFIX_PATH}:/home/ir-t11/ir_ws/install/my_py_pkg:/home/ir-t11/ir_ws/install/lidar_app:/opt/ros/humble /usr/bin/cmake --build /home/ir-t11/ir_ws/src/build/osr_gazebo -- -j12 -l12
[11.411s] DEBUG:colcon.colcon_core.event_handler.log_command:Invoking command in '/home/ir-t11/ir_ws/src/build/osr_gazebo': CMAKE_PREFIX_PATH=${CMAKE_PREFIX_PATH}:/home/ir-t11/ir_ws/install/my_py_pkg:/home/ir-t11/ir_ws/install/lidar_app:/opt/ros/humble /usr/bin/cmake --install /home/ir-t11/ir_ws/src/build/osr_gazebo
[11.566s] Level 1:colcon.colcon_core.environment:create_environment_scripts_only(osr_gazebo)
[11.566s] Level 1:colcon.colcon_core.environment:checking '/home/ir-t11/ir_ws/src/install/osr_gazebo' for CMake module files
[11.566s] DEBUG:colcon.colcon_core.event_handler.log_command:Invoked command in '/home/ir-t11/ir_ws/src/build/osr_gazebo' returned '0': CMAKE_PREFIX_PATH=${CMAKE_PREFIX_PATH}:/home/ir-t11/ir_ws/install/my_py_pkg:/home/ir-t11/ir_ws/install/lidar_app:/opt/ros/humble /usr/bin/cmake --install /home/ir-t11/ir_ws/src/build/osr_gazebo
[11.566s] Level 1:colcon.colcon_core.environment:checking '/home/ir-t11/ir_ws/src/install/osr_gazebo' for CMake config files
[11.567s] Level 1:colcon.colcon_core.shell:create_environment_hook('osr_gazebo', 'cmake_prefix_path')
[11.567s] INFO:colcon.colcon_core.shell:Creating environment hook '/home/ir-t11/ir_ws/src/install/osr_gazebo/share/osr_gazebo/hook/cmake_prefix_path.ps1'
[11.567s] INFO:colcon.colcon_core.shell:Creating environment descriptor '/home/ir-t11/ir_ws/src/install/osr_gazebo/share/osr_gazebo/hook/cmake_prefix_path.dsv'
[11.567s] INFO:colcon.colcon_core.shell:Creating environment hook '/home/ir-t11/ir_ws/src/install/osr_gazebo/share/osr_gazebo/hook/cmake_prefix_path.sh'
[11.568s] Level 1:colcon.colcon_core.environment:checking '/home/ir-t11/ir_ws/src/install/osr_gazebo/lib'
[11.568s] Level 1:colcon.colcon_core.environment:checking '/home/ir-t11/ir_ws/src/install/osr_gazebo/bin'
[11.568s] Level 1:colcon.colcon_core.environment:checking '/home/ir-t11/ir_ws/src/install/osr_gazebo/lib/pkgconfig/osr_gazebo.pc'
[11.568s] Level 1:colcon.colcon_core.environment:checking '/home/ir-t11/ir_ws/src/install/osr_gazebo/lib/python3.10/site-packages'
[11.568s] Level 1:colcon.colcon_core.environment:checking '/home/ir-t11/ir_ws/src/install/osr_gazebo/bin'
[11.568s] INFO:colcon.colcon_core.shell:Creating package script '/home/ir-t11/ir_ws/src/install/osr_gazebo/share/osr_gazebo/package.ps1'
[11.569s] INFO:colcon.colcon_core.shell:Creating package descriptor '/home/ir-t11/ir_ws/src/install/osr_gazebo/share/osr_gazebo/package.dsv'
[11.569s] INFO:colcon.colcon_core.shell:Creating package script '/home/ir-t11/ir_ws/src/install/osr_gazebo/share/osr_gazebo/package.sh'
[11.569s] INFO:colcon.colcon_core.shell:Creating package script '/home/ir-t11/ir_ws/src/install/osr_gazebo/share/osr_gazebo/package.bash'
[11.570s] INFO:colcon.colcon_core.shell:Creating package script '/home/ir-t11/ir_ws/src/install/osr_gazebo/share/osr_gazebo/package.zsh'
[11.570s] Level 1:colcon.colcon_core.environment:create_file_with_runtime_dependencies(/home/ir-t11/ir_ws/src/install/osr_gazebo/share/colcon-core/packages/osr_gazebo)
[11.571s] Level 1:colcon.colcon_core.environment:create_environment_scripts_only(osr_gazebo)
[11.571s] Level 1:colcon.colcon_core.environment:checking '/home/ir-t11/ir_ws/src/install/osr_gazebo' for CMake module files
[11.571s] Level 1:colcon.colcon_core.environment:checking '/home/ir-t11/ir_ws/src/install/osr_gazebo' for CMake config files
[11.571s] Level 1:colcon.colcon_core.shell:create_environment_hook('osr_gazebo', 'cmake_prefix_path')
[11.572s] INFO:colcon.colcon_core.shell:Creating environment hook '/home/ir-t11/ir_ws/src/install/osr_gazebo/share/osr_gazebo/hook/cmake_prefix_path.ps1'
[11.572s] INFO:colcon.colcon_core.shell:Creating environment descriptor '/home/ir-t11/ir_ws/src/install/osr_gazebo/share/osr_gazebo/hook/cmake_prefix_path.dsv'
[11.573s] INFO:colcon.colcon_core.shell:Creating environment hook '/home/ir-t11/ir_ws/src/install/osr_gazebo/share/osr_gazebo/hook/cmake_prefix_path.sh'
[11.573s] Level 1:colcon.colcon_core.environment:checking '/home/ir-t11/ir_ws/src/install/osr_gazebo/lib'
[11.573s] Level 1:colcon.colcon_core.environment:checking '/home/ir-t11/ir_ws/src/install/osr_gazebo/bin'
[11.573s] Level 1:colcon.colcon_core.environment:checking '/home/ir-t11/ir_ws/src/install/osr_gazebo/lib/pkgconfig/osr_gazebo.pc'
[11.574s] Level 1:colcon.colcon_core.environment:checking '/home/ir-t11/ir_ws/src/install/osr_gazebo/lib/python3.10/site-packages'
[11.574s] Level 1:colcon.colcon_core.environment:checking '/home/ir-t11/ir_ws/src/install/osr_gazebo/bin'
[11.574s] INFO:colcon.colcon_core.shell:Creating package script '/home/ir-t11/ir_ws/src/install/osr_gazebo/share/osr_gazebo/package.ps1'
[11.575s] INFO:colcon.colcon_core.shell:Creating package descriptor '/home/ir-t11/ir_ws/src/install/osr_gazebo/share/osr_gazebo/package.dsv'
[11.575s] INFO:colcon.colcon_core.shell:Creating package script '/home/ir-t11/ir_ws/src/install/osr_gazebo/share/osr_gazebo/package.sh'
[11.576s] INFO:colcon.colcon_core.shell:Creating package script '/home/ir-t11/ir_ws/src/install/osr_gazebo/share/osr_gazebo/package.bash'
[11.576s] INFO:colcon.colcon_core.shell:Creating package script '/home/ir-t11/ir_ws/src/install/osr_gazebo/share/osr_gazebo/package.zsh'
[11.577s] Level 1:colcon.colcon_core.environment:create_file_with_runtime_dependencies(/home/ir-t11/ir_ws/src/install/osr_gazebo/share/colcon-core/packages/osr_gazebo)
[11.577s] DEBUG:colcon.colcon_parallel_executor.executor.parallel:closing loop
[11.577s] DEBUG:colcon.colcon_parallel_executor.executor.parallel:loop closed
[11.577s] DEBUG:colcon.colcon_parallel_executor.executor.parallel:run_until_complete finished with '0'
[11.577s] DEBUG:colcon.colcon_core.event_reactor:joining thread
[11.583s] INFO:colcon.colcon_core.plugin_system:Skipping extension 'colcon_notification.desktop_notification.terminal_notifier': Not used on non-Darwin systems
[11.583s] INFO:colcon.colcon_core.plugin_system:Skipping extension 'colcon_notification.desktop_notification.win32': Not used on non-Windows systems
[11.584s] INFO:colcon.colcon_notification.desktop_notification:Sending desktop notification using 'notify2'
[11.596s] DEBUG:colcon.colcon_core.event_reactor:joined thread
[11.596s] INFO:colcon.colcon_core.shell:Creating prefix script '/home/ir-t11/ir_ws/src/install/local_setup.ps1'
[11.597s] INFO:colcon.colcon_core.shell:Creating prefix util module '/home/ir-t11/ir_ws/src/install/_local_setup_util_ps1.py'
[11.597s] INFO:colcon.colcon_core.shell:Creating prefix chain script '/home/ir-t11/ir_ws/src/install/setup.ps1'
[11.598s] INFO:colcon.colcon_core.shell:Creating prefix script '/home/ir-t11/ir_ws/src/install/local_setup.sh'
[11.599s] INFO:colcon.colcon_core.shell:Creating prefix util module '/home/ir-t11/ir_ws/src/install/_local_setup_util_sh.py'
[11.599s] INFO:colcon.colcon_core.shell:Creating prefix chain script '/home/ir-t11/ir_ws/src/install/setup.sh'
[11.600s] INFO:colcon.colcon_core.shell:Creating prefix script '/home/ir-t11/ir_ws/src/install/local_setup.bash'
[11.600s] INFO:colcon.colcon_core.shell:Creating prefix chain script '/home/ir-t11/ir_ws/src/install/setup.bash'
[11.601s] INFO:colcon.colcon_core.shell:Creating prefix script '/home/ir-t11/ir_ws/src/install/local_setup.zsh'
[11.602s] INFO:colcon.colcon_core.shell:Creating prefix chain script '/home/ir-t11/ir_ws/src/install/setup.zsh'
