[0.013s] Invoking command in '/home/ir-t11/ir_ws/src/build/diff_robot_description': CMAKE_PREFIX_PATH=${CMAKE_PREFIX_PATH}:/home/ir-t11/ir_ws/install/my_py_pkg:/home/ir-t11/ir_ws/install/lidar_app:/opt/ros/humble /usr/bin/cmake /home/ir-t11/ir_ws/src/session3/diff_robot_description -DCMAKE_INSTALL_PREFIX=/home/ir-t11/ir_ws/src/install/diff_robot_description
[0.311s] -- The C compiler identification is GNU 11.4.0
[0.311s] -- The CXX compiler identification is GNU 11.4.0
[0.311s] -- Detecting C compiler ABI info
[0.311s] -- Detecting C compiler ABI info - done
[0.311s] -- Check for working C compiler: /usr/bin/cc - skipped
[0.311s] -- Detecting C compile features
[0.311s] -- Detecting C compile features - done
[0.311s] -- Detecting CXX compiler ABI info
[0.311s] -- Detecting CXX compiler ABI info - done
[0.311s] -- Check for working CXX compiler: /usr/bin/c++ - skipped
[0.311s] -- Detecting CXX compile features
[0.311s] -- Detecting CXX compile features - done
[0.311s] -- Found ament_cmake: 1.3.11 (/opt/ros/humble/share/ament_cmake/cmake)
[0.410s] -- Found Python3: /usr/bin/python3 (found version "3.10.12") found components: Interpreter 
[0.529s] -- Configuring done
[0.531s] -- Generating done
[0.532s] -- Build files have been written to: /home/ir-t11/ir_ws/src/build/diff_robot_description
[0.536s] Invoked command in '/home/ir-t11/ir_ws/src/build/diff_robot_description' returned '0': CMAKE_PREFIX_PATH=${CMAKE_PREFIX_PATH}:/home/ir-t11/ir_ws/install/my_py_pkg:/home/ir-t11/ir_ws/install/lidar_app:/opt/ros/humble /usr/bin/cmake /home/ir-t11/ir_ws/src/session3/diff_robot_description -DCMAKE_INSTALL_PREFIX=/home/ir-t11/ir_ws/src/install/diff_robot_description
[0.538s] Invoking command in '/home/ir-t11/ir_ws/src/build/diff_robot_description': CMAKE_PREFIX_PATH=${CMAKE_PREFIX_PATH}:/home/ir-t11/ir_ws/install/my_py_pkg:/home/ir-t11/ir_ws/install/lidar_app:/opt/ros/humble /usr/bin/cmake --build /home/ir-t11/ir_ws/src/build/diff_robot_description -- -j12 -l12
[0.568s] Invoked command in '/home/ir-t11/ir_ws/src/build/diff_robot_description' returned '0': CMAKE_PREFIX_PATH=${CMAKE_PREFIX_PATH}:/home/ir-t11/ir_ws/install/my_py_pkg:/home/ir-t11/ir_ws/install/lidar_app:/opt/ros/humble /usr/bin/cmake --build /home/ir-t11/ir_ws/src/build/diff_robot_description -- -j12 -l12
[0.569s] Invoking command in '/home/ir-t11/ir_ws/src/build/diff_robot_description': CMAKE_PREFIX_PATH=${CMAKE_PREFIX_PATH}:/home/ir-t11/ir_ws/install/my_py_pkg:/home/ir-t11/ir_ws/install/lidar_app:/opt/ros/humble /usr/bin/cmake --install /home/ir-t11/ir_ws/src/build/diff_robot_description
[0.574s] -- Install configuration: ""
[0.574s] -- Installing: /home/ir-t11/ir_ws/src/install/diff_robot_description/share/diff_robot_description//urdf
[0.574s] -- Installing: /home/ir-t11/ir_ws/src/install/diff_robot_description/share/diff_robot_description//urdf/diff_robot.urdf
[0.574s] -- Installing: /home/ir-t11/ir_ws/src/install/diff_robot_description/share/diff_robot_description//launch
[0.574s] -- Installing: /home/ir-t11/ir_ws/src/install/diff_robot_description/share/diff_robot_description//launch/display.launch.py
[0.574s] -- Installing: /home/ir-t11/ir_ws/src/install/diff_robot_description/share/diff_robot_description//rviz
[0.574s] -- Installing: /home/ir-t11/ir_ws/src/install/diff_robot_description/share/diff_robot_description//rviz/urdf_config.rviz
[0.574s] -- Installing: /home/ir-t11/ir_ws/src/install/diff_robot_description/share/ament_index/resource_index/package_run_dependencies/diff_robot_description
[0.574s] -- Installing: /home/ir-t11/ir_ws/src/install/diff_robot_description/share/ament_index/resource_index/parent_prefix_path/diff_robot_description
[0.574s] -- Installing: /home/ir-t11/ir_ws/src/install/diff_robot_description/share/diff_robot_description/environment/ament_prefix_path.sh
[0.574s] -- Installing: /home/ir-t11/ir_ws/src/install/diff_robot_description/share/diff_robot_description/environment/ament_prefix_path.dsv
[0.575s] -- Installing: /home/ir-t11/ir_ws/src/install/diff_robot_description/share/diff_robot_description/environment/path.sh
[0.575s] -- Installing: /home/ir-t11/ir_ws/src/install/diff_robot_description/share/diff_robot_description/environment/path.dsv
[0.575s] -- Installing: /home/ir-t11/ir_ws/src/install/diff_robot_description/share/diff_robot_description/local_setup.bash
[0.575s] -- Installing: /home/ir-t11/ir_ws/src/install/diff_robot_description/share/diff_robot_description/local_setup.sh
[0.575s] -- Installing: /home/ir-t11/ir_ws/src/install/diff_robot_description/share/diff_robot_description/local_setup.zsh
[0.575s] -- Installing: /home/ir-t11/ir_ws/src/install/diff_robot_description/share/diff_robot_description/local_setup.dsv
[0.575s] -- Installing: /home/ir-t11/ir_ws/src/install/diff_robot_description/share/diff_robot_description/package.dsv
[0.575s] -- Installing: /home/ir-t11/ir_ws/src/install/diff_robot_description/share/ament_index/resource_index/packages/diff_robot_description
[0.575s] -- Installing: /home/ir-t11/ir_ws/src/install/diff_robot_description/share/diff_robot_description/cmake/diff_robot_descriptionConfig.cmake
[0.575s] -- Installing: /home/ir-t11/ir_ws/src/install/diff_robot_description/share/diff_robot_description/cmake/diff_robot_descriptionConfig-version.cmake
[0.575s] -- Installing: /home/ir-t11/ir_ws/src/install/diff_robot_description/share/diff_robot_description/package.xml
[0.585s] Invoked command in '/home/ir-t11/ir_ws/src/build/diff_robot_description' returned '0': CMAKE_PREFIX_PATH=${CMAKE_PREFIX_PATH}:/home/ir-t11/ir_ws/install/my_py_pkg:/home/ir-t11/ir_ws/install/lidar_app:/opt/ros/humble /usr/bin/cmake --install /home/ir-t11/ir_ws/src/build/diff_robot_description
