[0.544s] Invoking command in '/home/ir-t11/ir_ws/src/session4/my_py_pkg': PYTHONPATH=/home/ir-t11/ir_ws/src/build/my_py_pkg/prefix_override:/usr/lib/python3/dist-packages/colcon_core/task/python/colcon_distutils_commands:/home/ir-t11/ir_ws/src/install/my_py_pkg/lib/python3.10/site-packages:${PYTHONPATH} /usr/bin/python3 -W ignore:setup.py install is deprecated -W ignore:easy_install command is deprecated setup.py egg_info --egg-base ../../build/my_py_pkg build --build-base /home/ir-t11/ir_ws/src/build/my_py_pkg/build install --record /home/ir-t11/ir_ws/src/build/my_py_pkg/install.log --single-version-externally-managed install_data
[0.682s] running egg_info
[0.682s] creating ../../build/my_py_pkg/my_py_pkg.egg-info
[0.683s] writing ../../build/my_py_pkg/my_py_pkg.egg-info/PKG-INFO
[0.683s] writing dependency_links to ../../build/my_py_pkg/my_py_pkg.egg-info/dependency_links.txt
[0.683s] writing entry points to ../../build/my_py_pkg/my_py_pkg.egg-info/entry_points.txt
[0.683s] writing requirements to ../../build/my_py_pkg/my_py_pkg.egg-info/requires.txt
[0.683s] writing top-level names to ../../build/my_py_pkg/my_py_pkg.egg-info/top_level.txt
[0.683s] writing manifest file '../../build/my_py_pkg/my_py_pkg.egg-info/SOURCES.txt'
[0.684s] reading manifest file '../../build/my_py_pkg/my_py_pkg.egg-info/SOURCES.txt'
[0.685s] writing manifest file '../../build/my_py_pkg/my_py_pkg.egg-info/SOURCES.txt'
[0.685s] running build
[0.685s] running build_py
[0.685s] creating /home/ir-t11/ir_ws/src/build/my_py_pkg/build
[0.685s] creating /home/ir-t11/ir_ws/src/build/my_py_pkg/build/lib
[0.685s] creating /home/ir-t11/ir_ws/src/build/my_py_pkg/build/lib/my_py_pkg
[0.685s] copying my_py_pkg/number_counter.py -> /home/ir-t11/ir_ws/src/build/my_py_pkg/build/lib/my_py_pkg
[0.686s] copying my_py_pkg/my_first_node.py -> /home/ir-t11/ir_ws/src/build/my_py_pkg/build/lib/my_py_pkg
[0.686s] copying my_py_pkg/number_publisher.py -> /home/ir-t11/ir_ws/src/build/my_py_pkg/build/lib/my_py_pkg
[0.686s] copying my_py_pkg/__init__.py -> /home/ir-t11/ir_ws/src/build/my_py_pkg/build/lib/my_py_pkg
[0.686s] running install
[0.686s] running install_lib
[0.687s] creating /home/ir-t11/ir_ws/src/install/my_py_pkg/lib/python3.10/site-packages/my_py_pkg
[0.687s] copying /home/ir-t11/ir_ws/src/build/my_py_pkg/build/lib/my_py_pkg/number_counter.py -> /home/ir-t11/ir_ws/src/install/my_py_pkg/lib/python3.10/site-packages/my_py_pkg
[0.687s] copying /home/ir-t11/ir_ws/src/build/my_py_pkg/build/lib/my_py_pkg/my_first_node.py -> /home/ir-t11/ir_ws/src/install/my_py_pkg/lib/python3.10/site-packages/my_py_pkg
[0.687s] copying /home/ir-t11/ir_ws/src/build/my_py_pkg/build/lib/my_py_pkg/number_publisher.py -> /home/ir-t11/ir_ws/src/install/my_py_pkg/lib/python3.10/site-packages/my_py_pkg
[0.687s] copying /home/ir-t11/ir_ws/src/build/my_py_pkg/build/lib/my_py_pkg/__init__.py -> /home/ir-t11/ir_ws/src/install/my_py_pkg/lib/python3.10/site-packages/my_py_pkg
[0.687s] byte-compiling /home/ir-t11/ir_ws/src/install/my_py_pkg/lib/python3.10/site-packages/my_py_pkg/number_counter.py to number_counter.cpython-310.pyc
[0.688s] byte-compiling /home/ir-t11/ir_ws/src/install/my_py_pkg/lib/python3.10/site-packages/my_py_pkg/my_first_node.py to my_first_node.cpython-310.pyc
[0.688s] byte-compiling /home/ir-t11/ir_ws/src/install/my_py_pkg/lib/python3.10/site-packages/my_py_pkg/number_publisher.py to number_publisher.cpython-310.pyc
[0.688s] byte-compiling /home/ir-t11/ir_ws/src/install/my_py_pkg/lib/python3.10/site-packages/my_py_pkg/__init__.py to __init__.cpython-310.pyc
[0.688s] running install_data
[0.688s] creating /home/ir-t11/ir_ws/src/install/my_py_pkg/share/ament_index
[0.688s] creating /home/ir-t11/ir_ws/src/install/my_py_pkg/share/ament_index/resource_index
[0.688s] creating /home/ir-t11/ir_ws/src/install/my_py_pkg/share/ament_index/resource_index/packages
[0.688s] copying resource/my_py_pkg -> /home/ir-t11/ir_ws/src/install/my_py_pkg/share/ament_index/resource_index/packages
[0.688s] copying package.xml -> /home/ir-t11/ir_ws/src/install/my_py_pkg/share/my_py_pkg
[0.688s] running install_egg_info
[0.690s] Copying ../../build/my_py_pkg/my_py_pkg.egg-info to /home/ir-t11/ir_ws/src/install/my_py_pkg/lib/python3.10/site-packages/my_py_pkg-0.0.0-py3.10.egg-info
[0.690s] running install_scripts
[0.709s] Installing number_counter script to /home/ir-t11/ir_ws/src/install/my_py_pkg/lib/my_py_pkg
[0.709s] Installing number_publisher script to /home/ir-t11/ir_ws/src/install/my_py_pkg/lib/my_py_pkg
[0.709s] Installing test_node script to /home/ir-t11/ir_ws/src/install/my_py_pkg/lib/my_py_pkg
[0.709s] writing list of installed files to '/home/ir-t11/ir_ws/src/build/my_py_pkg/install.log'
[0.728s] Invoked command in '/home/ir-t11/ir_ws/src/session4/my_py_pkg' returned '0': PYTHONPATH=/home/ir-t11/ir_ws/src/build/my_py_pkg/prefix_override:/usr/lib/python3/dist-packages/colcon_core/task/python/colcon_distutils_commands:/home/ir-t11/ir_ws/src/install/my_py_pkg/lib/python3.10/site-packages:${PYTHONPATH} /usr/bin/python3 -W ignore:setup.py install is deprecated -W ignore:easy_install command is deprecated setup.py egg_info --egg-base ../../build/my_py_pkg build --build-base /home/ir-t11/ir_ws/src/build/my_py_pkg/build install --record /home/ir-t11/ir_ws/src/build/my_py_pkg/install.log --single-version-externally-managed install_data
