[0.014s] Invoking command in '/home/ir-t11/ir_ws/src/build/diff_robot_bringup': CMAKE_PREFIX_PATH=${CMAKE_PREFIX_PATH}:/home/ir-t11/ir_ws/install/my_py_pkg:/home/ir-t11/ir_ws/install/lidar_app:/opt/ros/humble /usr/bin/cmake /home/ir-t11/ir_ws/src/session3/diff_robot_bringup -DCMAKE_INSTALL_PREFIX=/home/ir-t11/ir_ws/src/install/diff_robot_bringup
[0.314s] -- The C compiler identification is GNU 11.4.0
[0.314s] -- The CXX compiler identification is GNU 11.4.0
[0.314s] -- Detecting C compiler ABI info
[0.314s] -- Detecting C compiler ABI info - done
[0.314s] -- Check for working C compiler: /usr/bin/cc - skipped
[0.314s] -- Detecting C compile features
[0.314s] -- Detecting C compile features - done
[0.314s] -- Detecting CXX compiler ABI info
[0.314s] -- Detecting CXX compiler ABI info - done
[0.314s] -- Check for working CXX compiler: /usr/bin/c++ - skipped
[0.314s] -- Detecting CXX compile features
[0.314s] -- Detecting CXX compile features - done
[0.314s] -- Found ament_cmake: 1.3.11 (/opt/ros/humble/share/ament_cmake/cmake)
[0.415s] -- Found Python3: /usr/bin/python3 (found version "3.10.12") found components: Interpreter 
[0.532s] -- Configuring done
[0.534s] -- Generating done
[0.535s] -- Build files have been written to: /home/ir-t11/ir_ws/src/build/diff_robot_bringup
[0.538s] Invoked command in '/home/ir-t11/ir_ws/src/build/diff_robot_bringup' returned '0': CMAKE_PREFIX_PATH=${CMAKE_PREFIX_PATH}:/home/ir-t11/ir_ws/install/my_py_pkg:/home/ir-t11/ir_ws/install/lidar_app:/opt/ros/humble /usr/bin/cmake /home/ir-t11/ir_ws/src/session3/diff_robot_bringup -DCMAKE_INSTALL_PREFIX=/home/ir-t11/ir_ws/src/install/diff_robot_bringup
[0.539s] Invoking command in '/home/ir-t11/ir_ws/src/build/diff_robot_bringup': CMAKE_PREFIX_PATH=${CMAKE_PREFIX_PATH}:/home/ir-t11/ir_ws/install/my_py_pkg:/home/ir-t11/ir_ws/install/lidar_app:/opt/ros/humble /usr/bin/cmake --build /home/ir-t11/ir_ws/src/build/diff_robot_bringup -- -j12 -l12
[0.564s] Invoked command in '/home/ir-t11/ir_ws/src/build/diff_robot_bringup' returned '0': CMAKE_PREFIX_PATH=${CMAKE_PREFIX_PATH}:/home/ir-t11/ir_ws/install/my_py_pkg:/home/ir-t11/ir_ws/install/lidar_app:/opt/ros/humble /usr/bin/cmake --build /home/ir-t11/ir_ws/src/build/diff_robot_bringup -- -j12 -l12
[0.570s] Invoking command in '/home/ir-t11/ir_ws/src/build/diff_robot_bringup': CMAKE_PREFIX_PATH=${CMAKE_PREFIX_PATH}:/home/ir-t11/ir_ws/install/my_py_pkg:/home/ir-t11/ir_ws/install/lidar_app:/opt/ros/humble /usr/bin/cmake --install /home/ir-t11/ir_ws/src/build/diff_robot_bringup
[0.575s] -- Install configuration: ""
[0.575s] -- Installing: /home/ir-t11/ir_ws/src/install/diff_robot_bringup/share/diff_robot_bringup//launch
[0.575s] -- Installing: /home/ir-t11/ir_ws/src/install/diff_robot_bringup/share/diff_robot_bringup//launch/diff_robot.launch.py
[0.575s] -- Installing: /home/ir-t11/ir_ws/src/install/diff_robot_bringup/share/ament_index/resource_index/package_run_dependencies/diff_robot_bringup
[0.575s] -- Installing: /home/ir-t11/ir_ws/src/install/diff_robot_bringup/share/ament_index/resource_index/parent_prefix_path/diff_robot_bringup
[0.575s] -- Installing: /home/ir-t11/ir_ws/src/install/diff_robot_bringup/share/diff_robot_bringup/environment/ament_prefix_path.sh
[0.575s] -- Installing: /home/ir-t11/ir_ws/src/install/diff_robot_bringup/share/diff_robot_bringup/environment/ament_prefix_path.dsv
[0.575s] -- Installing: /home/ir-t11/ir_ws/src/install/diff_robot_bringup/share/diff_robot_bringup/environment/path.sh
[0.575s] -- Installing: /home/ir-t11/ir_ws/src/install/diff_robot_bringup/share/diff_robot_bringup/environment/path.dsv
[0.576s] -- Installing: /home/ir-t11/ir_ws/src/install/diff_robot_bringup/share/diff_robot_bringup/local_setup.bash
[0.576s] -- Installing: /home/ir-t11/ir_ws/src/install/diff_robot_bringup/share/diff_robot_bringup/local_setup.sh
[0.576s] -- Installing: /home/ir-t11/ir_ws/src/install/diff_robot_bringup/share/diff_robot_bringup/local_setup.zsh
[0.576s] -- Installing: /home/ir-t11/ir_ws/src/install/diff_robot_bringup/share/diff_robot_bringup/local_setup.dsv
[0.576s] -- Installing: /home/ir-t11/ir_ws/src/install/diff_robot_bringup/share/diff_robot_bringup/package.dsv
[0.576s] -- Installing: /home/ir-t11/ir_ws/src/install/diff_robot_bringup/share/ament_index/resource_index/packages/diff_robot_bringup
[0.576s] -- Installing: /home/ir-t11/ir_ws/src/install/diff_robot_bringup/share/diff_robot_bringup/cmake/diff_robot_bringupConfig.cmake
[0.576s] -- Installing: /home/ir-t11/ir_ws/src/install/diff_robot_bringup/share/diff_robot_bringup/cmake/diff_robot_bringupConfig-version.cmake
[0.576s] -- Installing: /home/ir-t11/ir_ws/src/install/diff_robot_bringup/share/diff_robot_bringup/package.xml
[0.578s] Invoked command in '/home/ir-t11/ir_ws/src/build/diff_robot_bringup' returned '0': CMAKE_PREFIX_PATH=${CMAKE_PREFIX_PATH}:/home/ir-t11/ir_ws/install/my_py_pkg:/home/ir-t11/ir_ws/install/lidar_app:/opt/ros/humble /usr/bin/cmake --install /home/ir-t11/ir_ws/src/build/diff_robot_bringup
