-- Install configuration: ""
-- Up-to-date: /home/ir-t11/ir_ws/src/install/diff_robot_description/share/diff_robot_description//urdf
-- Up-to-date: /home/ir-t11/ir_ws/src/install/diff_robot_description/share/diff_robot_description//urdf/diff_robot.urdf
-- Up-to-date: /home/ir-t11/ir_ws/src/install/diff_robot_description/share/diff_robot_description//launch
-- Up-to-date: /home/ir-t11/ir_ws/src/install/diff_robot_description/share/diff_robot_description//launch/display.launch.py
-- Up-to-date: /home/ir-t11/ir_ws/src/install/diff_robot_description/share/diff_robot_description//rviz
-- Up-to-date: /home/ir-t11/ir_ws/src/install/diff_robot_description/share/diff_robot_description//rviz/urdf_config.rviz
-- Up-to-date: /home/ir-t11/ir_ws/src/install/diff_robot_description/share/ament_index/resource_index/package_run_dependencies/diff_robot_description
-- Up-to-date: /home/ir-t11/ir_ws/src/install/diff_robot_description/share/ament_index/resource_index/parent_prefix_path/diff_robot_description
-- Up-to-date: /home/ir-t11/ir_ws/src/install/diff_robot_description/share/diff_robot_description/environment/ament_prefix_path.sh
-- Up-to-date: /home/ir-t11/ir_ws/src/install/diff_robot_description/share/diff_robot_description/environment/ament_prefix_path.dsv
-- Up-to-date: /home/ir-t11/ir_ws/src/install/diff_robot_description/share/diff_robot_description/environment/path.sh
-- Up-to-date: /home/ir-t11/ir_ws/src/install/diff_robot_description/share/diff_robot_description/environment/path.dsv
-- Up-to-date: /home/ir-t11/ir_ws/src/install/diff_robot_description/share/diff_robot_description/local_setup.bash
-- Up-to-date: /home/ir-t11/ir_ws/src/install/diff_robot_description/share/diff_robot_description/local_setup.sh
-- Up-to-date: /home/ir-t11/ir_ws/src/install/diff_robot_description/share/diff_robot_description/local_setup.zsh
-- Up-to-date: /home/ir-t11/ir_ws/src/install/diff_robot_description/share/diff_robot_description/local_setup.dsv
-- Up-to-date: /home/ir-t11/ir_ws/src/install/diff_robot_description/share/diff_robot_description/package.dsv
-- Up-to-date: /home/ir-t11/ir_ws/src/install/diff_robot_description/share/ament_index/resource_index/packages/diff_robot_description
-- Up-to-date: /home/ir-t11/ir_ws/src/install/diff_robot_description/share/diff_robot_description/cmake/diff_robot_descriptionConfig.cmake
-- Up-to-date: /home/ir-t11/ir_ws/src/install/diff_robot_description/share/diff_robot_description/cmake/diff_robot_descriptionConfig-version.cmake
-- Up-to-date: /home/ir-t11/ir_ws/src/install/diff_robot_description/share/diff_robot_description/package.xml
