[0.031s] Invoking command in '/home/ir-t11/ir_ws/src/build/diff_robot_description': CMAKE_PREFIX_PATH=${CMAKE_PREFIX_PATH}:/home/ir-t11/ir_ws/install/my_py_pkg:/home/ir-t11/ir_ws/install/lidar_app:/opt/ros/humble /usr/bin/cmake --build /home/ir-t11/ir_ws/src/build/diff_robot_description -- -j12 -l12
[0.321s] Invoked command in '/home/ir-t11/ir_ws/src/build/diff_robot_description' returned '0': CMAKE_PREFIX_PATH=${CMAKE_PREFIX_PATH}:/home/ir-t11/ir_ws/install/my_py_pkg:/home/ir-t11/ir_ws/install/lidar_app:/opt/ros/humble /usr/bin/cmake --build /home/ir-t11/ir_ws/src/build/diff_robot_description -- -j12 -l12
[0.322s] Invoking command in '/home/ir-t11/ir_ws/src/build/diff_robot_description': CMAKE_PREFIX_PATH=${CMAKE_PREFIX_PATH}:/home/ir-t11/ir_ws/install/my_py_pkg:/home/ir-t11/ir_ws/install/lidar_app:/opt/ros/humble /usr/bin/cmake --install /home/ir-t11/ir_ws/src/build/diff_robot_description
[0.326s] -- Install configuration: ""
[0.326s] -- Up-to-date: /home/ir-t11/ir_ws/src/install/diff_robot_description/share/diff_robot_description//urdf
[0.326s] -- Up-to-date: /home/ir-t11/ir_ws/src/install/diff_robot_description/share/diff_robot_description//urdf/diff_robot.urdf
[0.326s] -- Up-to-date: /home/ir-t11/ir_ws/src/install/diff_robot_description/share/diff_robot_description//launch
[0.326s] -- Up-to-date: /home/ir-t11/ir_ws/src/install/diff_robot_description/share/diff_robot_description//launch/display.launch.py
[0.326s] -- Up-to-date: /home/ir-t11/ir_ws/src/install/diff_robot_description/share/diff_robot_description//rviz
[0.327s] -- Up-to-date: /home/ir-t11/ir_ws/src/install/diff_robot_description/share/diff_robot_description//rviz/urdf_config.rviz
[0.327s] -- Up-to-date: /home/ir-t11/ir_ws/src/install/diff_robot_description/share/ament_index/resource_index/package_run_dependencies/diff_robot_description
[0.327s] -- Up-to-date: /home/ir-t11/ir_ws/src/install/diff_robot_description/share/ament_index/resource_index/parent_prefix_path/diff_robot_description
[0.327s] -- Up-to-date: /home/ir-t11/ir_ws/src/install/diff_robot_description/share/diff_robot_description/environment/ament_prefix_path.sh
[0.327s] -- Up-to-date: /home/ir-t11/ir_ws/src/install/diff_robot_description/share/diff_robot_description/environment/ament_prefix_path.dsv
[0.327s] -- Up-to-date: /home/ir-t11/ir_ws/src/install/diff_robot_description/share/diff_robot_description/environment/path.sh
[0.327s] -- Up-to-date: /home/ir-t11/ir_ws/src/install/diff_robot_description/share/diff_robot_description/environment/path.dsv
[0.327s] -- Up-to-date: /home/ir-t11/ir_ws/src/install/diff_robot_description/share/diff_robot_description/local_setup.bash
[0.327s] -- Up-to-date: /home/ir-t11/ir_ws/src/install/diff_robot_description/share/diff_robot_description/local_setup.sh
[0.327s] -- Up-to-date: /home/ir-t11/ir_ws/src/install/diff_robot_description/share/diff_robot_description/local_setup.zsh
[0.327s] -- Up-to-date: /home/ir-t11/ir_ws/src/install/diff_robot_description/share/diff_robot_description/local_setup.dsv
[0.327s] -- Up-to-date: /home/ir-t11/ir_ws/src/install/diff_robot_description/share/diff_robot_description/package.dsv
[0.327s] -- Up-to-date: /home/ir-t11/ir_ws/src/install/diff_robot_description/share/ament_index/resource_index/packages/diff_robot_description
[0.327s] -- Up-to-date: /home/ir-t11/ir_ws/src/install/diff_robot_description/share/diff_robot_description/cmake/diff_robot_descriptionConfig.cmake
[0.327s] -- Up-to-date: /home/ir-t11/ir_ws/src/install/diff_robot_description/share/diff_robot_description/cmake/diff_robot_descriptionConfig-version.cmake
[0.328s] -- Up-to-date: /home/ir-t11/ir_ws/src/install/diff_robot_description/share/diff_robot_description/package.xml
[0.338s] Invoked command in '/home/ir-t11/ir_ws/src/build/diff_robot_description' returned '0': CMAKE_PREFIX_PATH=${CMAKE_PREFIX_PATH}:/home/ir-t11/ir_ws/install/my_py_pkg:/home/ir-t11/ir_ws/install/lidar_app:/opt/ros/humble /usr/bin/cmake --install /home/ir-t11/ir_ws/src/build/diff_robot_description
