[0.530s] Invoking command in '/home/ir-t11/ir_ws/src/session4/my_py_pkg': PYTHONPATH=/home/ir-t11/ir_ws/src/build/my_py_pkg/prefix_override:/usr/lib/python3/dist-packages/colcon_core/task/python/colcon_distutils_commands:/home/ir-t11/ir_ws/src/install/my_py_pkg/lib/python3.10/site-packages:${PYTHONPATH} /usr/bin/python3 -W ignore:setup.py install is deprecated -W ignore:easy_install command is deprecated setup.py egg_info --egg-base ../../build/my_py_pkg build --build-base /home/ir-t11/ir_ws/src/build/my_py_pkg/build install --record /home/ir-t11/ir_ws/src/build/my_py_pkg/install.log --single-version-externally-managed install_data
[0.657s] running egg_info
[0.657s] writing ../../build/my_py_pkg/my_py_pkg.egg-info/PKG-INFO
[0.658s] writing dependency_links to ../../build/my_py_pkg/my_py_pkg.egg-info/dependency_links.txt
[0.658s] writing entry points to ../../build/my_py_pkg/my_py_pkg.egg-info/entry_points.txt
[0.658s] writing requirements to ../../build/my_py_pkg/my_py_pkg.egg-info/requires.txt
[0.658s] writing top-level names to ../../build/my_py_pkg/my_py_pkg.egg-info/top_level.txt
[0.659s] reading manifest file '../../build/my_py_pkg/my_py_pkg.egg-info/SOURCES.txt'
[0.659s] writing manifest file '../../build/my_py_pkg/my_py_pkg.egg-info/SOURCES.txt'
[0.659s] running build
[0.659s] running build_py
[0.659s] running install
[0.660s] running install_lib
[0.660s] running install_data
[0.660s] running install_egg_info
[0.661s] removing '/home/ir-t11/ir_ws/src/install/my_py_pkg/lib/python3.10/site-packages/my_py_pkg-0.0.0-py3.10.egg-info' (and everything under it)
[0.661s] Copying ../../build/my_py_pkg/my_py_pkg.egg-info to /home/ir-t11/ir_ws/src/install/my_py_pkg/lib/python3.10/site-packages/my_py_pkg-0.0.0-py3.10.egg-info
[0.662s] running install_scripts
[0.675s] Installing number_counter script to /home/ir-t11/ir_ws/src/install/my_py_pkg/lib/my_py_pkg
[0.675s] Installing number_publisher script to /home/ir-t11/ir_ws/src/install/my_py_pkg/lib/my_py_pkg
[0.675s] Installing test_node script to /home/ir-t11/ir_ws/src/install/my_py_pkg/lib/my_py_pkg
[0.675s] writing list of installed files to '/home/ir-t11/ir_ws/src/build/my_py_pkg/install.log'
[0.691s] Invoked command in '/home/ir-t11/ir_ws/src/session4/my_py_pkg' returned '0': PYTHONPATH=/home/ir-t11/ir_ws/src/build/my_py_pkg/prefix_override:/usr/lib/python3/dist-packages/colcon_core/task/python/colcon_distutils_commands:/home/ir-t11/ir_ws/src/install/my_py_pkg/lib/python3.10/site-packages:${PYTHONPATH} /usr/bin/python3 -W ignore:setup.py install is deprecated -W ignore:easy_install command is deprecated setup.py egg_info --egg-base ../../build/my_py_pkg build --build-base /home/ir-t11/ir_ws/src/build/my_py_pkg/build install --record /home/ir-t11/ir_ws/src/build/my_py_pkg/install.log --single-version-externally-managed install_data
