running egg_info
writing ../../build/lidar_app/lidar_app.egg-info/PKG-INFO
writing dependency_links to ../../build/lidar_app/lidar_app.egg-info/dependency_links.txt
writing entry points to ../../build/lidar_app/lidar_app.egg-info/entry_points.txt
writing requirements to ../../build/lidar_app/lidar_app.egg-info/requires.txt
writing top-level names to ../../build/lidar_app/lidar_app.egg-info/top_level.txt
reading manifest file '../../build/lidar_app/lidar_app.egg-info/SOURCES.txt'
writing manifest file '../../build/lidar_app/lidar_app.egg-info/SOURCES.txt'
running build
running build_py
running install
running install_lib
running install_data
running install_egg_info
removing '/home/ir-t11/ir_ws/src/install/lidar_app/lib/python3.10/site-packages/lidar_app-0.0.0-py3.10.egg-info' (and everything under it)
Copying ../../build/lidar_app/lidar_app.egg-info to /home/ir-t11/ir_ws/src/install/lidar_app/lib/python3.10/site-packages/lidar_app-0.0.0-py3.10.egg-info
running install_scripts
Installing decision_subscriber script to /home/ir-t11/ir_ws/src/install/lidar_app/lib/lidar_app
Installing lidar_publisher script to /home/ir-t11/ir_ws/src/install/lidar_app/lib/lidar_app
writing list of installed files to '/home/ir-t11/ir_ws/src/build/lidar_app/install.log'
