[0.033s] Invoking command in '/home/ir-t11/ir_ws/src/build/diff_robot_bringup': CMAKE_PREFIX_PATH=${CMAKE_PREFIX_PATH}:/home/ir-t11/ir_ws/install/my_py_pkg:/home/ir-t11/ir_ws/install/lidar_app:/opt/ros/humble /usr/bin/cmake --build /home/ir-t11/ir_ws/src/build/diff_robot_bringup -- -j12 -l12
[0.318s] Invoked command in '/home/ir-t11/ir_ws/src/build/diff_robot_bringup' returned '0': CMAKE_PREFIX_PATH=${CMAKE_PREFIX_PATH}:/home/ir-t11/ir_ws/install/my_py_pkg:/home/ir-t11/ir_ws/install/lidar_app:/opt/ros/humble /usr/bin/cmake --build /home/ir-t11/ir_ws/src/build/diff_robot_bringup -- -j12 -l12
[0.324s] Invoking command in '/home/ir-t11/ir_ws/src/build/diff_robot_bringup': CMAKE_PREFIX_PATH=${CMAKE_PREFIX_PATH}:/home/ir-t11/ir_ws/install/my_py_pkg:/home/ir-t11/ir_ws/install/lidar_app:/opt/ros/humble /usr/bin/cmake --install /home/ir-t11/ir_ws/src/build/diff_robot_bringup
[0.328s] -- Install configuration: ""
[0.329s] -- Up-to-date: /home/ir-t11/ir_ws/src/install/diff_robot_bringup/share/diff_robot_bringup//launch
[0.329s] -- Up-to-date: /home/ir-t11/ir_ws/src/install/diff_robot_bringup/share/diff_robot_bringup//launch/diff_robot.launch.py
[0.329s] -- Up-to-date: /home/ir-t11/ir_ws/src/install/diff_robot_bringup/share/ament_index/resource_index/package_run_dependencies/diff_robot_bringup
[0.329s] -- Up-to-date: /home/ir-t11/ir_ws/src/install/diff_robot_bringup/share/ament_index/resource_index/parent_prefix_path/diff_robot_bringup
[0.329s] -- Up-to-date: /home/ir-t11/ir_ws/src/install/diff_robot_bringup/share/diff_robot_bringup/environment/ament_prefix_path.sh
[0.329s] -- Up-to-date: /home/ir-t11/ir_ws/src/install/diff_robot_bringup/share/diff_robot_bringup/environment/ament_prefix_path.dsv
[0.329s] -- Up-to-date: /home/ir-t11/ir_ws/src/install/diff_robot_bringup/share/diff_robot_bringup/environment/path.sh
[0.329s] -- Up-to-date: /home/ir-t11/ir_ws/src/install/diff_robot_bringup/share/diff_robot_bringup/environment/path.dsv
[0.329s] -- Up-to-date: /home/ir-t11/ir_ws/src/install/diff_robot_bringup/share/diff_robot_bringup/local_setup.bash
[0.329s] -- Up-to-date: /home/ir-t11/ir_ws/src/install/diff_robot_bringup/share/diff_robot_bringup/local_setup.sh
[0.329s] -- Up-to-date: /home/ir-t11/ir_ws/src/install/diff_robot_bringup/share/diff_robot_bringup/local_setup.zsh
[0.329s] -- Up-to-date: /home/ir-t11/ir_ws/src/install/diff_robot_bringup/share/diff_robot_bringup/local_setup.dsv
[0.329s] -- Up-to-date: /home/ir-t11/ir_ws/src/install/diff_robot_bringup/share/diff_robot_bringup/package.dsv
[0.329s] -- Up-to-date: /home/ir-t11/ir_ws/src/install/diff_robot_bringup/share/ament_index/resource_index/packages/diff_robot_bringup
[0.329s] -- Up-to-date: /home/ir-t11/ir_ws/src/install/diff_robot_bringup/share/diff_robot_bringup/cmake/diff_robot_bringupConfig.cmake
[0.329s] -- Up-to-date: /home/ir-t11/ir_ws/src/install/diff_robot_bringup/share/diff_robot_bringup/cmake/diff_robot_bringupConfig-version.cmake
[0.329s] -- Up-to-date: /home/ir-t11/ir_ws/src/install/diff_robot_bringup/share/diff_robot_bringup/package.xml
[0.330s] Invoked command in '/home/ir-t11/ir_ws/src/build/diff_robot_bringup' returned '0': CMAKE_PREFIX_PATH=${CMAKE_PREFIX_PATH}:/home/ir-t11/ir_ws/install/my_py_pkg:/home/ir-t11/ir_ws/install/lidar_app:/opt/ros/humble /usr/bin/cmake --install /home/ir-t11/ir_ws/src/build/diff_robot_bringup
